Analysis & Synthesis report for assignment1
Thu Aug 28 03:09:16 2025
Quartus Prime Version 20.1.1 Build 720 11/11/2020 SJ Lite Edition


---------------------
; Table of Contents ;
---------------------
  1. Legal Notice
  2. Analysis & Synthesis Summary
  3. Analysis & Synthesis Settings
  4. Analysis & Synthesis Source Files Read
  5. Analysis & Synthesis Resource Usage Summary
  6. Analysis & Synthesis Resource Utilization by Entity
  7. State Machine - |top_whack_final|mole_scheduler_multi:u_sched|state
  8. Registers Removed During Synthesis
  9. General Register Statistics
 10. Inverted Register Statistics
 11. Multiplexer Restructuring Statistics (Restructuring Performed)
 12. Parameter Settings for User Entity Instance: Top-level Entity: |top_whack_final
 13. Parameter Settings for User Entity Instance: clk_en:u_ms
 14. Parameter Settings for User Entity Instance: clk_en:u_1s
 15. Parameter Settings for User Entity Instance: debounce:u_db_key0
 16. Parameter Settings for User Entity Instance: debounce:u_db_key0|debounce_1bit:g_db[0].u
 17. Parameter Settings for User Entity Instance: debounce:u_db_sw
 18. Parameter Settings for User Entity Instance: debounce:u_db_sw|debounce_1bit:g_db[0].u
 19. Parameter Settings for User Entity Instance: debounce:u_db_sw|debounce_1bit:g_db[1].u
 20. Parameter Settings for User Entity Instance: debounce:u_db_sw|debounce_1bit:g_db[2].u
 21. Parameter Settings for User Entity Instance: debounce:u_db_sw|debounce_1bit:g_db[3].u
 22. Parameter Settings for User Entity Instance: debounce:u_db_sw|debounce_1bit:g_db[4].u
 23. Parameter Settings for User Entity Instance: debounce:u_db_sw|debounce_1bit:g_db[5].u
 24. Parameter Settings for User Entity Instance: debounce:u_db_sw|debounce_1bit:g_db[6].u
 25. Parameter Settings for User Entity Instance: debounce:u_db_sw|debounce_1bit:g_db[7].u
 26. Parameter Settings for User Entity Instance: debounce:u_db_sw|debounce_1bit:g_db[8].u
 27. Parameter Settings for User Entity Instance: debounce:u_db_sw|debounce_1bit:g_db[9].u
 28. Parameter Settings for User Entity Instance: debounce:u_db_sw|debounce_1bit:g_db[10].u
 29. Parameter Settings for User Entity Instance: debounce:u_db_sw|debounce_1bit:g_db[11].u
 30. Parameter Settings for User Entity Instance: debounce:u_db_sw|debounce_1bit:g_db[12].u
 31. Parameter Settings for User Entity Instance: debounce:u_db_sw|debounce_1bit:g_db[13].u
 32. Parameter Settings for User Entity Instance: debounce:u_db_sw|debounce_1bit:g_db[14].u
 33. Parameter Settings for User Entity Instance: debounce:u_db_sw|debounce_1bit:g_db[15].u
 34. Parameter Settings for User Entity Instance: debounce:u_db_sw|debounce_1bit:g_db[16].u
 35. Parameter Settings for User Entity Instance: debounce:u_db_sw|debounce_1bit:g_db[17].u
 36. Parameter Settings for User Entity Instance: mole_scheduler_multi:u_sched
 37. Parameter Settings for User Entity Instance: whack_detect:u_hit
 38. Parameter Settings for Inferred Entity Instance: lpm_divide:Mod0
 39. Parameter Settings for Inferred Entity Instance: lpm_divide:Div0
 40. Post-Synthesis Netlist Statistics for Top Partition
 41. Elapsed Time Per Partition
 42. Analysis & Synthesis Messages



----------------
; Legal Notice ;
----------------
Copyright (C) 2020  Intel Corporation. All rights reserved.
Your use of Intel Corporation's design tools, logic functions 
and other software and tools, and any partner logic 
functions, and any output files from any of the foregoing 
(including device programming or simulation files), and any 
associated documentation or information are expressly subject 
to the terms and conditions of the Intel Program License 
Subscription Agreement, the Intel Quartus Prime License Agreement,
the Intel FPGA IP License Agreement, or other applicable license
agreement, including, without limitation, that your use is for
the sole purpose of programming logic devices manufactured by
Intel and sold by Intel or its authorized distributors.  Please
refer to the applicable agreement for further details, at
https://fpgasoftware.intel.com/eula.



+----------------------------------------------------------------------------------+
; Analysis & Synthesis Summary                                                     ;
+------------------------------------+---------------------------------------------+
; Analysis & Synthesis Status        ; Successful - Thu Aug 28 03:09:16 2025       ;
; Quartus Prime Version              ; 20.1.1 Build 720 11/11/2020 SJ Lite Edition ;
; Revision Name                      ; assignment1                                 ;
; Top-level Entity Name              ; top_whack_final                             ;
; Family                             ; Cyclone IV E                                ;
; Total logic elements               ; 640                                         ;
;     Total combinational functions  ; 620                                         ;
;     Dedicated logic registers      ; 351                                         ;
; Total registers                    ; 351                                         ;
; Total pins                         ; 97                                          ;
; Total virtual pins                 ; 0                                           ;
; Total memory bits                  ; 0                                           ;
; Embedded Multiplier 9-bit elements ; 0                                           ;
; Total PLLs                         ; 0                                           ;
+------------------------------------+---------------------------------------------+


+------------------------------------------------------------------------------------------------------------+
; Analysis & Synthesis Settings                                                                              ;
+------------------------------------------------------------------+--------------------+--------------------+
; Option                                                           ; Setting            ; Default Value      ;
+------------------------------------------------------------------+--------------------+--------------------+
; Device                                                           ; EP4CE115F29C7      ;                    ;
; Top-level entity name                                            ; top_whack_final    ; assignment1        ;
; Family name                                                      ; Cyclone IV E       ; Cyclone V          ;
; Use smart compilation                                            ; Off                ; Off                ;
; Enable parallel Assembler and Timing Analyzer during compilation ; On                 ; On                 ;
; Enable compact report table                                      ; Off                ; Off                ;
; Restructure Multiplexers                                         ; Auto               ; Auto               ;
; Create Debugging Nodes for IP Cores                              ; Off                ; Off                ;
; Preserve fewer node names                                        ; On                 ; On                 ;
; Intel FPGA IP Evaluation Mode                                    ; Enable             ; Enable             ;
; Verilog Version                                                  ; Verilog_2001       ; Verilog_2001       ;
; VHDL Version                                                     ; VHDL_1993          ; VHDL_1993          ;
; State Machine Processing                                         ; Auto               ; Auto               ;
; Safe State Machine                                               ; Off                ; Off                ;
; Extract Verilog State Machines                                   ; On                 ; On                 ;
; Extract VHDL State Machines                                      ; On                 ; On                 ;
; Ignore Verilog initial constructs                                ; Off                ; Off                ;
; Iteration limit for constant Verilog loops                       ; 5000               ; 5000               ;
; Iteration limit for non-constant Verilog loops                   ; 250                ; 250                ;
; Add Pass-Through Logic to Inferred RAMs                          ; On                 ; On                 ;
; Infer RAMs from Raw Logic                                        ; On                 ; On                 ;
; Parallel Synthesis                                               ; On                 ; On                 ;
; DSP Block Balancing                                              ; Auto               ; Auto               ;
; NOT Gate Push-Back                                               ; On                 ; On                 ;
; Power-Up Don't Care                                              ; On                 ; On                 ;
; Remove Redundant Logic Cells                                     ; Off                ; Off                ;
; Remove Duplicate Registers                                       ; On                 ; On                 ;
; Ignore CARRY Buffers                                             ; Off                ; Off                ;
; Ignore CASCADE Buffers                                           ; Off                ; Off                ;
; Ignore GLOBAL Buffers                                            ; Off                ; Off                ;
; Ignore ROW GLOBAL Buffers                                        ; Off                ; Off                ;
; Ignore LCELL Buffers                                             ; Off                ; Off                ;
; Ignore SOFT Buffers                                              ; On                 ; On                 ;
; Limit AHDL Integers to 32 Bits                                   ; Off                ; Off                ;
; Optimization Technique                                           ; Balanced           ; Balanced           ;
; Carry Chain Length                                               ; 70                 ; 70                 ;
; Auto Carry Chains                                                ; On                 ; On                 ;
; Auto Open-Drain Pins                                             ; On                 ; On                 ;
; Perform WYSIWYG Primitive Resynthesis                            ; Off                ; Off                ;
; Auto ROM Replacement                                             ; On                 ; On                 ;
; Auto RAM Replacement                                             ; On                 ; On                 ;
; Auto DSP Block Replacement                                       ; On                 ; On                 ;
; Auto Shift Register Replacement                                  ; Auto               ; Auto               ;
; Allow Shift Register Merging across Hierarchies                  ; Auto               ; Auto               ;
; Auto Clock Enable Replacement                                    ; On                 ; On                 ;
; Strict RAM Replacement                                           ; Off                ; Off                ;
; Allow Synchronous Control Signals                                ; On                 ; On                 ;
; Force Use of Synchronous Clear Signals                           ; Off                ; Off                ;
; Auto RAM Block Balancing                                         ; On                 ; On                 ;
; Auto RAM to Logic Cell Conversion                                ; Off                ; Off                ;
; Auto Resource Sharing                                            ; Off                ; Off                ;
; Allow Any RAM Size For Recognition                               ; Off                ; Off                ;
; Allow Any ROM Size For Recognition                               ; Off                ; Off                ;
; Allow Any Shift Register Size For Recognition                    ; Off                ; Off                ;
; Use LogicLock Constraints during Resource Balancing              ; On                 ; On                 ;
; Ignore translate_off and synthesis_off directives                ; Off                ; Off                ;
; Timing-Driven Synthesis                                          ; On                 ; On                 ;
; Report Parameter Settings                                        ; On                 ; On                 ;
; Report Source Assignments                                        ; On                 ; On                 ;
; Report Connectivity Checks                                       ; On                 ; On                 ;
; Ignore Maximum Fan-Out Assignments                               ; Off                ; Off                ;
; Synchronization Register Chain Length                            ; 2                  ; 2                  ;
; Power Optimization During Synthesis                              ; Normal compilation ; Normal compilation ;
; HDL message level                                                ; Level2             ; Level2             ;
; Suppress Register Optimization Related Messages                  ; Off                ; Off                ;
; Number of Removed Registers Reported in Synthesis Report         ; 5000               ; 5000               ;
; Number of Swept Nodes Reported in Synthesis Report               ; 5000               ; 5000               ;
; Number of Inverted Registers Reported in Synthesis Report        ; 100                ; 100                ;
; Clock MUX Protection                                             ; On                 ; On                 ;
; Auto Gated Clock Conversion                                      ; Off                ; Off                ;
; Block Design Naming                                              ; Auto               ; Auto               ;
; SDC constraint protection                                        ; Off                ; Off                ;
; Synthesis Effort                                                 ; Auto               ; Auto               ;
; Shift Register Replacement - Allow Asynchronous Clear Signal     ; On                 ; On                 ;
; Pre-Mapping Resynthesis Optimization                             ; Off                ; Off                ;
; Analysis & Synthesis Message Level                               ; Medium             ; Medium             ;
; Disable Register Merging Across Hierarchies                      ; Auto               ; Auto               ;
; Resource Aware Inference For Block RAM                           ; On                 ; On                 ;
+------------------------------------------------------------------+--------------------+--------------------+


+-----------------------------------------------------------------------------------------------------------------------------------------------------------------------------+
; Analysis & Synthesis Source Files Read                                                                                                                                      ;
+-------------------------------------+-----------------+------------------------------+----------------------------------------------------------------------------+---------+
; File Name with User-Entered Path    ; Used in Netlist ; File Type                    ; File Name with Absolute Path                                               ; Library ;
+-------------------------------------+-----------------+------------------------------+----------------------------------------------------------------------------+---------+
; clk_en.v                            ; yes             ; User Verilog HDL File        ; /home/mtrx3700/clk_en.v                                                    ;         ;
; lfsr8.v                             ; yes             ; User Verilog HDL File        ; /home/mtrx3700/lfsr8.v                                                     ;         ;
; output_files/debounce.v             ; yes             ; User Verilog HDL File        ; /home/mtrx3700/output_files/debounce.v                                     ;         ;
; output_files/whack_detect.v         ; yes             ; User Verilog HDL File        ; /home/mtrx3700/output_files/whack_detect.v                                 ;         ;
; output_files/seg7_hex.v             ; yes             ; User Verilog HDL File        ; /home/mtrx3700/output_files/seg7_hex.v                                     ;         ;
; output_files/mole_scheduler_multi.v ; yes             ; User Verilog HDL File        ; /home/mtrx3700/output_files/mole_scheduler_multi.v                         ;         ;
; output_files/top_whack_final.v      ; yes             ; User Verilog HDL File        ; /home/mtrx3700/output_files/top_whack_final.v                              ;         ;
; output_files/score_bcd99.v          ; yes             ; User Verilog HDL File        ; /home/mtrx3700/output_files/score_bcd99.v                                  ;         ;
; lpm_divide.tdf                      ; yes             ; Megafunction                 ; /intelFPGA_lite/20.1.1/quartus/libraries/megafunctions/lpm_divide.tdf      ;         ;
; abs_divider.inc                     ; yes             ; Megafunction                 ; /intelFPGA_lite/20.1.1/quartus/libraries/megafunctions/abs_divider.inc     ;         ;
; sign_div_unsign.inc                 ; yes             ; Megafunction                 ; /intelFPGA_lite/20.1.1/quartus/libraries/megafunctions/sign_div_unsign.inc ;         ;
; aglobal201.inc                      ; yes             ; Megafunction                 ; /intelFPGA_lite/20.1.1/quartus/libraries/megafunctions/aglobal201.inc      ;         ;
; db/lpm_divide_k9m.tdf               ; yes             ; Auto-Generated Megafunction  ; /home/mtrx3700/db/lpm_divide_k9m.tdf                                       ;         ;
; db/sign_div_unsign_9kh.tdf          ; yes             ; Auto-Generated Megafunction  ; /home/mtrx3700/db/sign_div_unsign_9kh.tdf                                  ;         ;
; db/alt_u_div_64f.tdf                ; yes             ; Auto-Generated Megafunction  ; /home/mtrx3700/db/alt_u_div_64f.tdf                                        ;         ;
; db/add_sub_7pc.tdf                  ; yes             ; Auto-Generated Megafunction  ; /home/mtrx3700/db/add_sub_7pc.tdf                                          ;         ;
; db/add_sub_8pc.tdf                  ; yes             ; Auto-Generated Megafunction  ; /home/mtrx3700/db/add_sub_8pc.tdf                                          ;         ;
; db/lpm_divide_hhm.tdf               ; yes             ; Auto-Generated Megafunction  ; /home/mtrx3700/db/lpm_divide_hhm.tdf                                       ;         ;
+-------------------------------------+-----------------+------------------------------+----------------------------------------------------------------------------+---------+


+--------------------------------------------------------------+
; Analysis & Synthesis Resource Usage Summary                  ;
+---------------------------------------------+----------------+
; Resource                                    ; Usage          ;
+---------------------------------------------+----------------+
; Estimated Total logic elements              ; 640            ;
;                                             ;                ;
; Total combinational functions               ; 620            ;
; Logic element usage by number of LUT inputs ;                ;
;     -- 4 input functions                    ; 182            ;
;     -- 3 input functions                    ; 99             ;
;     -- <=2 input functions                  ; 339            ;
;                                             ;                ;
; Logic elements by mode                      ;                ;
;     -- normal mode                          ; 384            ;
;     -- arithmetic mode                      ; 236            ;
;                                             ;                ;
; Total registers                             ; 351            ;
;     -- Dedicated logic registers            ; 351            ;
;     -- I/O registers                        ; 0              ;
;                                             ;                ;
; I/O pins                                    ; 97             ;
;                                             ;                ;
; Embedded Multiplier 9-bit elements          ; 0              ;
;                                             ;                ;
; Maximum fan-out node                        ; CLOCK_50~input ;
; Maximum fan-out                             ; 351            ;
; Total fan-out                               ; 3256           ;
; Average fan-out                             ; 2.79           ;
+---------------------------------------------+----------------+


+----------------------------------------------------------------------------------------------------------------------------------------------------------------------------------------------------------------------------------------------------------------------------------------------------------------------------+
; Analysis & Synthesis Resource Utilization by Entity                                                                                                                                                                                                                                                                        ;
+----------------------------------------+---------------------+---------------------------+-------------+--------------+---------+-----------+------+--------------+------------------------------------------------------------------------------------------------------------------+----------------------+--------------+
; Compilation Hierarchy Node             ; Combinational ALUTs ; Dedicated Logic Registers ; Memory Bits ; DSP Elements ; DSP 9x9 ; DSP 18x18 ; Pins ; Virtual Pins ; Full Hierarchy Name                                                                                              ; Entity Name          ; Library Name ;
+----------------------------------------+---------------------+---------------------------+-------------+--------------+---------+-----------+------+--------------+------------------------------------------------------------------------------------------------------------------+----------------------+--------------+
; |top_whack_final                       ; 620 (18)            ; 351 (8)                   ; 0           ; 0            ; 0       ; 0         ; 97   ; 0            ; |top_whack_final                                                                                                 ; top_whack_final      ; work         ;
;    |clk_en:u_1s|                       ; 53 (53)             ; 31 (31)                   ; 0           ; 0            ; 0       ; 0         ; 0    ; 0            ; |top_whack_final|clk_en:u_1s                                                                                     ; clk_en               ; work         ;
;    |clk_en:u_ms|                       ; 49 (49)             ; 33 (33)                   ; 0           ; 0            ; 0       ; 0         ; 0    ; 0            ; |top_whack_final|clk_en:u_ms                                                                                     ; clk_en               ; work         ;
;    |debounce:u_db_key0|                ; 16 (0)              ; 10 (0)                    ; 0           ; 0            ; 0       ; 0         ; 0    ; 0            ; |top_whack_final|debounce:u_db_key0                                                                              ; debounce             ; work         ;
;       |debounce_1bit:g_db[0].u|        ; 16 (16)             ; 10 (10)                   ; 0           ; 0            ; 0       ; 0         ; 0    ; 0            ; |top_whack_final|debounce:u_db_key0|debounce_1bit:g_db[0].u                                                      ; debounce_1bit        ; work         ;
;    |debounce:u_db_sw|                  ; 270 (0)             ; 180 (0)                   ; 0           ; 0            ; 0       ; 0         ; 0    ; 0            ; |top_whack_final|debounce:u_db_sw                                                                                ; debounce             ; work         ;
;       |debounce_1bit:g_db[0].u|        ; 15 (15)             ; 10 (10)                   ; 0           ; 0            ; 0       ; 0         ; 0    ; 0            ; |top_whack_final|debounce:u_db_sw|debounce_1bit:g_db[0].u                                                        ; debounce_1bit        ; work         ;
;       |debounce_1bit:g_db[10].u|       ; 15 (15)             ; 10 (10)                   ; 0           ; 0            ; 0       ; 0         ; 0    ; 0            ; |top_whack_final|debounce:u_db_sw|debounce_1bit:g_db[10].u                                                       ; debounce_1bit        ; work         ;
;       |debounce_1bit:g_db[11].u|       ; 15 (15)             ; 10 (10)                   ; 0           ; 0            ; 0       ; 0         ; 0    ; 0            ; |top_whack_final|debounce:u_db_sw|debounce_1bit:g_db[11].u                                                       ; debounce_1bit        ; work         ;
;       |debounce_1bit:g_db[12].u|       ; 15 (15)             ; 10 (10)                   ; 0           ; 0            ; 0       ; 0         ; 0    ; 0            ; |top_whack_final|debounce:u_db_sw|debounce_1bit:g_db[12].u                                                       ; debounce_1bit        ; work         ;
;       |debounce_1bit:g_db[13].u|       ; 15 (15)             ; 10 (10)                   ; 0           ; 0            ; 0       ; 0         ; 0    ; 0            ; |top_whack_final|debounce:u_db_sw|debounce_1bit:g_db[13].u                                                       ; debounce_1bit        ; work         ;
;       |debounce_1bit:g_db[14].u|       ; 15 (15)             ; 10 (10)                   ; 0           ; 0            ; 0       ; 0         ; 0    ; 0            ; |top_whack_final|debounce:u_db_sw|debounce_1bit:g_db[14].u                                                       ; debounce_1bit        ; work         ;
;       |debounce_1bit:g_db[15].u|       ; 15 (15)             ; 10 (10)                   ; 0           ; 0            ; 0       ; 0         ; 0    ; 0            ; |top_whack_final|debounce:u_db_sw|debounce_1bit:g_db[15].u                                                       ; debounce_1bit        ; work         ;
;       |debounce_1bit:g_db[16].u|       ; 15 (15)             ; 10 (10)                   ; 0           ; 0            ; 0       ; 0         ; 0    ; 0            ; |top_whack_final|debounce:u_db_sw|debounce_1bit:g_db[16].u                                                       ; debounce_1bit        ; work         ;
;       |debounce_1bit:g_db[17].u|       ; 15 (15)             ; 10 (10)                   ; 0           ; 0            ; 0       ; 0         ; 0    ; 0            ; |top_whack_final|debounce:u_db_sw|debounce_1bit:g_db[17].u                                                       ; debounce_1bit        ; work         ;
;       |debounce_1bit:g_db[1].u|        ; 15 (15)             ; 10 (10)                   ; 0           ; 0            ; 0       ; 0         ; 0    ; 0            ; |top_whack_final|debounce:u_db_sw|debounce_1bit:g_db[1].u                                                        ; debounce_1bit        ; work         ;
;       |debounce_1bit:g_db[2].u|        ; 15 (15)             ; 10 (10)                   ; 0           ; 0            ; 0       ; 0         ; 0    ; 0            ; |top_whack_final|debounce:u_db_sw|debounce_1bit:g_db[2].u                                                        ; debounce_1bit        ; work         ;
;       |debounce_1bit:g_db[3].u|        ; 15 (15)             ; 10 (10)                   ; 0           ; 0            ; 0       ; 0         ; 0    ; 0            ; |top_whack_final|debounce:u_db_sw|debounce_1bit:g_db[3].u                                                        ; debounce_1bit        ; work         ;
;       |debounce_1bit:g_db[4].u|        ; 15 (15)             ; 10 (10)                   ; 0           ; 0            ; 0       ; 0         ; 0    ; 0            ; |top_whack_final|debounce:u_db_sw|debounce_1bit:g_db[4].u                                                        ; debounce_1bit        ; work         ;
;       |debounce_1bit:g_db[5].u|        ; 15 (15)             ; 10 (10)                   ; 0           ; 0            ; 0       ; 0         ; 0    ; 0            ; |top_whack_final|debounce:u_db_sw|debounce_1bit:g_db[5].u                                                        ; debounce_1bit        ; work         ;
;       |debounce_1bit:g_db[6].u|        ; 15 (15)             ; 10 (10)                   ; 0           ; 0            ; 0       ; 0         ; 0    ; 0            ; |top_whack_final|debounce:u_db_sw|debounce_1bit:g_db[6].u                                                        ; debounce_1bit        ; work         ;
;       |debounce_1bit:g_db[7].u|        ; 15 (15)             ; 10 (10)                   ; 0           ; 0            ; 0       ; 0         ; 0    ; 0            ; |top_whack_final|debounce:u_db_sw|debounce_1bit:g_db[7].u                                                        ; debounce_1bit        ; work         ;
;       |debounce_1bit:g_db[8].u|        ; 15 (15)             ; 10 (10)                   ; 0           ; 0            ; 0       ; 0         ; 0    ; 0            ; |top_whack_final|debounce:u_db_sw|debounce_1bit:g_db[8].u                                                        ; debounce_1bit        ; work         ;
;       |debounce_1bit:g_db[9].u|        ; 15 (15)             ; 10 (10)                   ; 0           ; 0            ; 0       ; 0         ; 0    ; 0            ; |top_whack_final|debounce:u_db_sw|debounce_1bit:g_db[9].u                                                        ; debounce_1bit        ; work         ;
;    |lfsr8:u_rnd|                       ; 7 (7)               ; 8 (8)                     ; 0           ; 0            ; 0       ; 0         ; 0    ; 0            ; |top_whack_final|lfsr8:u_rnd                                                                                     ; lfsr8                ; work         ;
;    |lpm_divide:Div0|                   ; 30 (0)              ; 0 (0)                     ; 0           ; 0            ; 0       ; 0         ; 0    ; 0            ; |top_whack_final|lpm_divide:Div0                                                                                 ; lpm_divide           ; work         ;
;       |lpm_divide_hhm:auto_generated|  ; 30 (0)              ; 0 (0)                     ; 0           ; 0            ; 0       ; 0         ; 0    ; 0            ; |top_whack_final|lpm_divide:Div0|lpm_divide_hhm:auto_generated                                                   ; lpm_divide_hhm       ; work         ;
;          |sign_div_unsign_9kh:divider| ; 30 (0)              ; 0 (0)                     ; 0           ; 0            ; 0       ; 0         ; 0    ; 0            ; |top_whack_final|lpm_divide:Div0|lpm_divide_hhm:auto_generated|sign_div_unsign_9kh:divider                       ; sign_div_unsign_9kh  ; work         ;
;             |alt_u_div_64f:divider|    ; 30 (30)             ; 0 (0)                     ; 0           ; 0            ; 0       ; 0         ; 0    ; 0            ; |top_whack_final|lpm_divide:Div0|lpm_divide_hhm:auto_generated|sign_div_unsign_9kh:divider|alt_u_div_64f:divider ; alt_u_div_64f        ; work         ;
;    |lpm_divide:Mod0|                   ; 33 (0)              ; 0 (0)                     ; 0           ; 0            ; 0       ; 0         ; 0    ; 0            ; |top_whack_final|lpm_divide:Mod0                                                                                 ; lpm_divide           ; work         ;
;       |lpm_divide_k9m:auto_generated|  ; 33 (0)              ; 0 (0)                     ; 0           ; 0            ; 0       ; 0         ; 0    ; 0            ; |top_whack_final|lpm_divide:Mod0|lpm_divide_k9m:auto_generated                                                   ; lpm_divide_k9m       ; work         ;
;          |sign_div_unsign_9kh:divider| ; 33 (0)              ; 0 (0)                     ; 0           ; 0            ; 0       ; 0         ; 0    ; 0            ; |top_whack_final|lpm_divide:Mod0|lpm_divide_k9m:auto_generated|sign_div_unsign_9kh:divider                       ; sign_div_unsign_9kh  ; work         ;
;             |alt_u_div_64f:divider|    ; 33 (33)             ; 0 (0)                     ; 0           ; 0            ; 0       ; 0         ; 0    ; 0            ; |top_whack_final|lpm_divide:Mod0|lpm_divide_k9m:auto_generated|sign_div_unsign_9kh:divider|alt_u_div_64f:divider ; alt_u_div_64f        ; work         ;
;    |mole_scheduler_multi:u_sched|      ; 80 (80)             ; 37 (37)                   ; 0           ; 0            ; 0       ; 0         ; 0    ; 0            ; |top_whack_final|mole_scheduler_multi:u_sched                                                                    ; mole_scheduler_multi ; work         ;
;    |score_bcd99:u_score|               ; 18 (18)             ; 8 (8)                     ; 0           ; 0            ; 0       ; 0         ; 0    ; 0            ; |top_whack_final|score_bcd99:u_score                                                                             ; score_bcd99          ; work         ;
;    |seg7_hex:u_hex0|                   ; 7 (7)               ; 0 (0)                     ; 0           ; 0            ; 0       ; 0         ; 0    ; 0            ; |top_whack_final|seg7_hex:u_hex0                                                                                 ; seg7_hex             ; work         ;
;    |seg7_hex:u_hex1|                   ; 7 (7)               ; 0 (0)                     ; 0           ; 0            ; 0       ; 0         ; 0    ; 0            ; |top_whack_final|seg7_hex:u_hex1                                                                                 ; seg7_hex             ; work         ;
;    |seg7_hex:u_hex6|                   ; 7 (7)               ; 0 (0)                     ; 0           ; 0            ; 0       ; 0         ; 0    ; 0            ; |top_whack_final|seg7_hex:u_hex6                                                                                 ; seg7_hex             ; work         ;
;    |seg7_hex:u_hex7|                   ; 7 (7)               ; 0 (0)                     ; 0           ; 0            ; 0       ; 0         ; 0    ; 0            ; |top_whack_final|seg7_hex:u_hex7                                                                                 ; seg7_hex             ; work         ;
;    |whack_detect:u_hit|                ; 18 (18)             ; 36 (36)                   ; 0           ; 0            ; 0       ; 0         ; 0    ; 0            ; |top_whack_final|whack_detect:u_hit                                                                              ; whack_detect         ; work         ;
+----------------------------------------+---------------------+---------------------------+-------------+--------------+---------+-----------+------+--------------+------------------------------------------------------------------------------------------------------------------+----------------------+--------------+
Note: For table entries with two numbers listed, the numbers in parentheses indicate the number of resources of the given type used by the specific entity alone. The numbers listed outside of parentheses indicate the total resources of the given type used by the specific entity and all of its sub-entities in the hierarchy.


Encoding Type:  One-Hot
+---------------------------------------------------------------------+
; State Machine - |top_whack_final|mole_scheduler_multi:u_sched|state ;
+--------------+--------------+-------------+-------------------------+
; Name         ; state.S_IDLE ; state.S_GAP ; state.S_ON              ;
+--------------+--------------+-------------+-------------------------+
; state.S_IDLE ; 0            ; 0           ; 0                       ;
; state.S_ON   ; 1            ; 0           ; 1                       ;
; state.S_GAP  ; 1            ; 1           ; 0                       ;
+--------------+--------------+-------------+-------------------------+


+------------------------------------------------------------------------+
; Registers Removed During Synthesis                                     ;
+---------------------------------------+--------------------------------+
; Register name                         ; Reason for Removal             ;
+---------------------------------------+--------------------------------+
; clk_en:u_1s|cnt[0]                    ; Merged with clk_en:u_ms|cnt[0] ;
; clk_en:u_1s|cnt[1]                    ; Merged with clk_en:u_ms|cnt[1] ;
; Total Number of Removed Registers = 2 ;                                ;
+---------------------------------------+--------------------------------+


+------------------------------------------------------+
; General Register Statistics                          ;
+----------------------------------------------+-------+
; Statistic                                    ; Value ;
+----------------------------------------------+-------+
; Total registers                              ; 351   ;
; Number of registers using Synchronous Clear  ; 184   ;
; Number of registers using Synchronous Load   ; 7     ;
; Number of registers using Asynchronous Clear ; 351   ;
; Number of registers using Asynchronous Load  ; 0     ;
; Number of registers using Clock Enable       ; 206   ;
; Number of registers using Preset             ; 0     ;
+----------------------------------------------+-------+


+--------------------------------------------------+
; Inverted Register Statistics                     ;
+----------------------------------------+---------+
; Inverted Register                      ; Fan out ;
+----------------------------------------+---------+
; lfsr8:u_rnd|q[3]                       ; 10      ;
; lfsr8:u_rnd|q[1]                       ; 9       ;
; lfsr8:u_rnd|q[4]                       ; 10      ;
; lfsr8:u_rnd|q[6]                       ; 1       ;
; Total number of inverted registers = 4 ;         ;
+----------------------------------------+---------+


+----------------------------------------------------------------------------------------------------------------------------------------------------------------------------------+
; Multiplexer Restructuring Statistics (Restructuring Performed)                                                                                                                   ;
+--------------------+-----------+---------------+----------------------+------------------------+------------+--------------------------------------------------------------------+
; Multiplexer Inputs ; Bus Width ; Baseline Area ; Area if Restructured ; Saving if Restructured ; Registered ; Example Multiplexer Output                                         ;
+--------------------+-----------+---------------+----------------------+------------------------+------------+--------------------------------------------------------------------+
; 3:1                ; 12 bits   ; 24 LEs        ; 12 LEs               ; 12 LEs                 ; Yes        ; |top_whack_final|mole_scheduler_multi:u_sched|ms_cnt[4]            ;
; 3:1                ; 6 bits    ; 12 LEs        ; 6 LEs                ; 6 LEs                  ; Yes        ; |top_whack_final|sec_left[0]                                       ;
; 3:1                ; 8 bits    ; 16 LEs        ; 8 LEs                ; 8 LEs                  ; Yes        ; |top_whack_final|debounce:u_db_key0|debounce_1bit:g_db[0].u|ctr[2] ;
; 3:1                ; 8 bits    ; 16 LEs        ; 8 LEs                ; 8 LEs                  ; Yes        ; |top_whack_final|debounce:u_db_sw|debounce_1bit:g_db[0].u|ctr[7]   ;
; 3:1                ; 8 bits    ; 16 LEs        ; 8 LEs                ; 8 LEs                  ; Yes        ; |top_whack_final|debounce:u_db_sw|debounce_1bit:g_db[17].u|ctr[6]  ;
; 3:1                ; 8 bits    ; 16 LEs        ; 8 LEs                ; 8 LEs                  ; Yes        ; |top_whack_final|debounce:u_db_sw|debounce_1bit:g_db[16].u|ctr[2]  ;
; 3:1                ; 8 bits    ; 16 LEs        ; 8 LEs                ; 8 LEs                  ; Yes        ; |top_whack_final|debounce:u_db_sw|debounce_1bit:g_db[15].u|ctr[0]  ;
; 3:1                ; 8 bits    ; 16 LEs        ; 8 LEs                ; 8 LEs                  ; Yes        ; |top_whack_final|debounce:u_db_sw|debounce_1bit:g_db[14].u|ctr[1]  ;
; 3:1                ; 8 bits    ; 16 LEs        ; 8 LEs                ; 8 LEs                  ; Yes        ; |top_whack_final|debounce:u_db_sw|debounce_1bit:g_db[13].u|ctr[7]  ;
; 3:1                ; 8 bits    ; 16 LEs        ; 8 LEs                ; 8 LEs                  ; Yes        ; |top_whack_final|debounce:u_db_sw|debounce_1bit:g_db[12].u|ctr[5]  ;
; 3:1                ; 8 bits    ; 16 LEs        ; 8 LEs                ; 8 LEs                  ; Yes        ; |top_whack_final|debounce:u_db_sw|debounce_1bit:g_db[11].u|ctr[4]  ;
; 3:1                ; 8 bits    ; 16 LEs        ; 8 LEs                ; 8 LEs                  ; Yes        ; |top_whack_final|debounce:u_db_sw|debounce_1bit:g_db[10].u|ctr[4]  ;
; 3:1                ; 8 bits    ; 16 LEs        ; 8 LEs                ; 8 LEs                  ; Yes        ; |top_whack_final|debounce:u_db_sw|debounce_1bit:g_db[9].u|ctr[7]   ;
; 3:1                ; 8 bits    ; 16 LEs        ; 8 LEs                ; 8 LEs                  ; Yes        ; |top_whack_final|debounce:u_db_sw|debounce_1bit:g_db[8].u|ctr[5]   ;
; 3:1                ; 8 bits    ; 16 LEs        ; 8 LEs                ; 8 LEs                  ; Yes        ; |top_whack_final|debounce:u_db_sw|debounce_1bit:g_db[7].u|ctr[7]   ;
; 3:1                ; 8 bits    ; 16 LEs        ; 8 LEs                ; 8 LEs                  ; Yes        ; |top_whack_final|debounce:u_db_sw|debounce_1bit:g_db[6].u|ctr[5]   ;
; 3:1                ; 8 bits    ; 16 LEs        ; 8 LEs                ; 8 LEs                  ; Yes        ; |top_whack_final|debounce:u_db_sw|debounce_1bit:g_db[5].u|ctr[7]   ;
; 3:1                ; 8 bits    ; 16 LEs        ; 8 LEs                ; 8 LEs                  ; Yes        ; |top_whack_final|debounce:u_db_sw|debounce_1bit:g_db[4].u|ctr[7]   ;
; 3:1                ; 8 bits    ; 16 LEs        ; 8 LEs                ; 8 LEs                  ; Yes        ; |top_whack_final|debounce:u_db_sw|debounce_1bit:g_db[3].u|ctr[0]   ;
; 3:1                ; 8 bits    ; 16 LEs        ; 8 LEs                ; 8 LEs                  ; Yes        ; |top_whack_final|debounce:u_db_sw|debounce_1bit:g_db[2].u|ctr[5]   ;
; 3:1                ; 8 bits    ; 16 LEs        ; 8 LEs                ; 8 LEs                  ; Yes        ; |top_whack_final|debounce:u_db_sw|debounce_1bit:g_db[1].u|ctr[0]   ;
; 5:1                ; 4 bits    ; 12 LEs        ; 8 LEs                ; 4 LEs                  ; Yes        ; |top_whack_final|score_bcd99:u_score|tens[3]                       ;
; 5:1                ; 4 bits    ; 12 LEs        ; 8 LEs                ; 4 LEs                  ; Yes        ; |top_whack_final|score_bcd99:u_score|ones[1]                       ;
; 7:1                ; 4 bits    ; 16 LEs        ; 8 LEs                ; 8 LEs                  ; Yes        ; |top_whack_final|mole_scheduler_multi:u_sched|ms_cnt[9]            ;
; 7:1                ; 2 bits    ; 8 LEs         ; 2 LEs                ; 6 LEs                  ; Yes        ; |top_whack_final|mole_scheduler_multi:u_sched|active_mask[16]      ;
; 7:1                ; 2 bits    ; 8 LEs         ; 2 LEs                ; 6 LEs                  ; Yes        ; |top_whack_final|mole_scheduler_multi:u_sched|active_mask[0]       ;
; 8:1                ; 8 bits    ; 40 LEs        ; 8 LEs                ; 32 LEs                 ; Yes        ; |top_whack_final|mole_scheduler_multi:u_sched|active_mask[15]      ;
; 8:1                ; 6 bits    ; 30 LEs        ; 6 LEs                ; 24 LEs                 ; Yes        ; |top_whack_final|mole_scheduler_multi:u_sched|active_mask[6]       ;
; 3:1                ; 3 bits    ; 6 LEs         ; 6 LEs                ; 0 LEs                  ; No         ; |top_whack_final|mole_scheduler_multi:u_sched|state                ;
+--------------------+-----------+---------------+----------------------+------------------------+------------+--------------------------------------------------------------------+


+---------------------------------------------------------------------------------+
; Parameter Settings for User Entity Instance: Top-level Entity: |top_whack_final ;
+----------------+----------+-----------------------------------------------------+
; Parameter Name ; Value    ; Type                                                ;
+----------------+----------+-----------------------------------------------------+
; CLK_HZ         ; 50000000 ; Signed Integer                                      ;
; GAME_SECONDS   ; 30       ; Signed Integer                                      ;
; N_MOLES        ; 18       ; Signed Integer                                      ;
; MOLE_ON_MS     ; 900      ; Signed Integer                                      ;
; GAP_MS         ; 250      ; Signed Integer                                      ;
+----------------+----------+-----------------------------------------------------+
Note: In order to hide this table in the UI and the text report file, please set the "Show Parameter Settings in Synthesis Report" option in "Analysis and Synthesis Settings -> More Settings" to "Off".


+----------------------------------------------------------+
; Parameter Settings for User Entity Instance: clk_en:u_ms ;
+----------------+----------+------------------------------+
; Parameter Name ; Value    ; Type                         ;
+----------------+----------+------------------------------+
; CLK_HZ         ; 50000000 ; Signed Integer               ;
; TICK_HZ        ; 1000     ; Signed Integer               ;
+----------------+----------+------------------------------+
Note: In order to hide this table in the UI and the text report file, please set the "Show Parameter Settings in Synthesis Report" option in "Analysis and Synthesis Settings -> More Settings" to "Off".


+----------------------------------------------------------+
; Parameter Settings for User Entity Instance: clk_en:u_1s ;
+----------------+----------+------------------------------+
; Parameter Name ; Value    ; Type                         ;
+----------------+----------+------------------------------+
; CLK_HZ         ; 50000000 ; Signed Integer               ;
; TICK_HZ        ; 1        ; Signed Integer               ;
+----------------+----------+------------------------------+
Note: In order to hide this table in the UI and the text report file, please set the "Show Parameter Settings in Synthesis Report" option in "Analysis and Synthesis Settings -> More Settings" to "Off".


+-----------------------------------------------------------------+
; Parameter Settings for User Entity Instance: debounce:u_db_key0 ;
+----------------+-------+----------------------------------------+
; Parameter Name ; Value ; Type                                   ;
+----------------+-------+----------------------------------------+
; WIDTH          ; 1     ; Signed Integer                         ;
; STABLE_TICKS   ; 10    ; Signed Integer                         ;
+----------------+-------+----------------------------------------+
Note: In order to hide this table in the UI and the text report file, please set the "Show Parameter Settings in Synthesis Report" option in "Analysis and Synthesis Settings -> More Settings" to "Off".


+-----------------------------------------------------------------------------------------+
; Parameter Settings for User Entity Instance: debounce:u_db_key0|debounce_1bit:g_db[0].u ;
+----------------+-------+----------------------------------------------------------------+
; Parameter Name ; Value ; Type                                                           ;
+----------------+-------+----------------------------------------------------------------+
; STABLE_TICKS   ; 10    ; Signed Integer                                                 ;
+----------------+-------+----------------------------------------------------------------+
Note: In order to hide this table in the UI and the text report file, please set the "Show Parameter Settings in Synthesis Report" option in "Analysis and Synthesis Settings -> More Settings" to "Off".


+---------------------------------------------------------------+
; Parameter Settings for User Entity Instance: debounce:u_db_sw ;
+----------------+-------+--------------------------------------+
; Parameter Name ; Value ; Type                                 ;
+----------------+-------+--------------------------------------+
; WIDTH          ; 18    ; Signed Integer                       ;
; STABLE_TICKS   ; 8     ; Signed Integer                       ;
+----------------+-------+--------------------------------------+
Note: In order to hide this table in the UI and the text report file, please set the "Show Parameter Settings in Synthesis Report" option in "Analysis and Synthesis Settings -> More Settings" to "Off".


+---------------------------------------------------------------------------------------+
; Parameter Settings for User Entity Instance: debounce:u_db_sw|debounce_1bit:g_db[0].u ;
+----------------+-------+--------------------------------------------------------------+
; Parameter Name ; Value ; Type                                                         ;
+----------------+-------+--------------------------------------------------------------+
; STABLE_TICKS   ; 8     ; Signed Integer                                               ;
+----------------+-------+--------------------------------------------------------------+
Note: In order to hide this table in the UI and the text report file, please set the "Show Parameter Settings in Synthesis Report" option in "Analysis and Synthesis Settings -> More Settings" to "Off".


+---------------------------------------------------------------------------------------+
; Parameter Settings for User Entity Instance: debounce:u_db_sw|debounce_1bit:g_db[1].u ;
+----------------+-------+--------------------------------------------------------------+
; Parameter Name ; Value ; Type                                                         ;
+----------------+-------+--------------------------------------------------------------+
; STABLE_TICKS   ; 8     ; Signed Integer                                               ;
+----------------+-------+--------------------------------------------------------------+
Note: In order to hide this table in the UI and the text report file, please set the "Show Parameter Settings in Synthesis Report" option in "Analysis and Synthesis Settings -> More Settings" to "Off".


+---------------------------------------------------------------------------------------+
; Parameter Settings for User Entity Instance: debounce:u_db_sw|debounce_1bit:g_db[2].u ;
+----------------+-------+--------------------------------------------------------------+
; Parameter Name ; Value ; Type                                                         ;
+----------------+-------+--------------------------------------------------------------+
; STABLE_TICKS   ; 8     ; Signed Integer                                               ;
+----------------+-------+--------------------------------------------------------------+
Note: In order to hide this table in the UI and the text report file, please set the "Show Parameter Settings in Synthesis Report" option in "Analysis and Synthesis Settings -> More Settings" to "Off".


+---------------------------------------------------------------------------------------+
; Parameter Settings for User Entity Instance: debounce:u_db_sw|debounce_1bit:g_db[3].u ;
+----------------+-------+--------------------------------------------------------------+
; Parameter Name ; Value ; Type                                                         ;
+----------------+-------+--------------------------------------------------------------+
; STABLE_TICKS   ; 8     ; Signed Integer                                               ;
+----------------+-------+--------------------------------------------------------------+
Note: In order to hide this table in the UI and the text report file, please set the "Show Parameter Settings in Synthesis Report" option in "Analysis and Synthesis Settings -> More Settings" to "Off".


+---------------------------------------------------------------------------------------+
; Parameter Settings for User Entity Instance: debounce:u_db_sw|debounce_1bit:g_db[4].u ;
+----------------+-------+--------------------------------------------------------------+
; Parameter Name ; Value ; Type                                                         ;
+----------------+-------+--------------------------------------------------------------+
; STABLE_TICKS   ; 8     ; Signed Integer                                               ;
+----------------+-------+--------------------------------------------------------------+
Note: In order to hide this table in the UI and the text report file, please set the "Show Parameter Settings in Synthesis Report" option in "Analysis and Synthesis Settings -> More Settings" to "Off".


+---------------------------------------------------------------------------------------+
; Parameter Settings for User Entity Instance: debounce:u_db_sw|debounce_1bit:g_db[5].u ;
+----------------+-------+--------------------------------------------------------------+
; Parameter Name ; Value ; Type                                                         ;
+----------------+-------+--------------------------------------------------------------+
; STABLE_TICKS   ; 8     ; Signed Integer                                               ;
+----------------+-------+--------------------------------------------------------------+
Note: In order to hide this table in the UI and the text report file, please set the "Show Parameter Settings in Synthesis Report" option in "Analysis and Synthesis Settings -> More Settings" to "Off".


+---------------------------------------------------------------------------------------+
; Parameter Settings for User Entity Instance: debounce:u_db_sw|debounce_1bit:g_db[6].u ;
+----------------+-------+--------------------------------------------------------------+
; Parameter Name ; Value ; Type                                                         ;
+----------------+-------+--------------------------------------------------------------+
; STABLE_TICKS   ; 8     ; Signed Integer                                               ;
+----------------+-------+--------------------------------------------------------------+
Note: In order to hide this table in the UI and the text report file, please set the "Show Parameter Settings in Synthesis Report" option in "Analysis and Synthesis Settings -> More Settings" to "Off".


+---------------------------------------------------------------------------------------+
; Parameter Settings for User Entity Instance: debounce:u_db_sw|debounce_1bit:g_db[7].u ;
+----------------+-------+--------------------------------------------------------------+
; Parameter Name ; Value ; Type                                                         ;
+----------------+-------+--------------------------------------------------------------+
; STABLE_TICKS   ; 8     ; Signed Integer                                               ;
+----------------+-------+--------------------------------------------------------------+
Note: In order to hide this table in the UI and the text report file, please set the "Show Parameter Settings in Synthesis Report" option in "Analysis and Synthesis Settings -> More Settings" to "Off".


+---------------------------------------------------------------------------------------+
; Parameter Settings for User Entity Instance: debounce:u_db_sw|debounce_1bit:g_db[8].u ;
+----------------+-------+--------------------------------------------------------------+
; Parameter Name ; Value ; Type                                                         ;
+----------------+-------+--------------------------------------------------------------+
; STABLE_TICKS   ; 8     ; Signed Integer                                               ;
+----------------+-------+--------------------------------------------------------------+
Note: In order to hide this table in the UI and the text report file, please set the "Show Parameter Settings in Synthesis Report" option in "Analysis and Synthesis Settings -> More Settings" to "Off".


+---------------------------------------------------------------------------------------+
; Parameter Settings for User Entity Instance: debounce:u_db_sw|debounce_1bit:g_db[9].u ;
+----------------+-------+--------------------------------------------------------------+
; Parameter Name ; Value ; Type                                                         ;
+----------------+-------+--------------------------------------------------------------+
; STABLE_TICKS   ; 8     ; Signed Integer                                               ;
+----------------+-------+--------------------------------------------------------------+
Note: In order to hide this table in the UI and the text report file, please set the "Show Parameter Settings in Synthesis Report" option in "Analysis and Synthesis Settings -> More Settings" to "Off".


+----------------------------------------------------------------------------------------+
; Parameter Settings for User Entity Instance: debounce:u_db_sw|debounce_1bit:g_db[10].u ;
+----------------+-------+---------------------------------------------------------------+
; Parameter Name ; Value ; Type                                                          ;
+----------------+-------+---------------------------------------------------------------+
; STABLE_TICKS   ; 8     ; Signed Integer                                                ;
+----------------+-------+---------------------------------------------------------------+
Note: In order to hide this table in the UI and the text report file, please set the "Show Parameter Settings in Synthesis Report" option in "Analysis and Synthesis Settings -> More Settings" to "Off".


+----------------------------------------------------------------------------------------+
; Parameter Settings for User Entity Instance: debounce:u_db_sw|debounce_1bit:g_db[11].u ;
+----------------+-------+---------------------------------------------------------------+
; Parameter Name ; Value ; Type                                                          ;
+----------------+-------+---------------------------------------------------------------+
; STABLE_TICKS   ; 8     ; Signed Integer                                                ;
+----------------+-------+---------------------------------------------------------------+
Note: In order to hide this table in the UI and the text report file, please set the "Show Parameter Settings in Synthesis Report" option in "Analysis and Synthesis Settings -> More Settings" to "Off".


+----------------------------------------------------------------------------------------+
; Parameter Settings for User Entity Instance: debounce:u_db_sw|debounce_1bit:g_db[12].u ;
+----------------+-------+---------------------------------------------------------------+
; Parameter Name ; Value ; Type                                                          ;
+----------------+-------+---------------------------------------------------------------+
; STABLE_TICKS   ; 8     ; Signed Integer                                                ;
+----------------+-------+---------------------------------------------------------------+
Note: In order to hide this table in the UI and the text report file, please set the "Show Parameter Settings in Synthesis Report" option in "Analysis and Synthesis Settings -> More Settings" to "Off".


+----------------------------------------------------------------------------------------+
; Parameter Settings for User Entity Instance: debounce:u_db_sw|debounce_1bit:g_db[13].u ;
+----------------+-------+---------------------------------------------------------------+
; Parameter Name ; Value ; Type                                                          ;
+----------------+-------+---------------------------------------------------------------+
; STABLE_TICKS   ; 8     ; Signed Integer                                                ;
+----------------+-------+---------------------------------------------------------------+
Note: In order to hide this table in the UI and the text report file, please set the "Show Parameter Settings in Synthesis Report" option in "Analysis and Synthesis Settings -> More Settings" to "Off".


+----------------------------------------------------------------------------------------+
; Parameter Settings for User Entity Instance: debounce:u_db_sw|debounce_1bit:g_db[14].u ;
+----------------+-------+---------------------------------------------------------------+
; Parameter Name ; Value ; Type                                                          ;
+----------------+-------+---------------------------------------------------------------+
; STABLE_TICKS   ; 8     ; Signed Integer                                                ;
+----------------+-------+---------------------------------------------------------------+
Note: In order to hide this table in the UI and the text report file, please set the "Show Parameter Settings in Synthesis Report" option in "Analysis and Synthesis Settings -> More Settings" to "Off".


+----------------------------------------------------------------------------------------+
; Parameter Settings for User Entity Instance: debounce:u_db_sw|debounce_1bit:g_db[15].u ;
+----------------+-------+---------------------------------------------------------------+
; Parameter Name ; Value ; Type                                                          ;
+----------------+-------+---------------------------------------------------------------+
; STABLE_TICKS   ; 8     ; Signed Integer                                                ;
+----------------+-------+---------------------------------------------------------------+
Note: In order to hide this table in the UI and the text report file, please set the "Show Parameter Settings in Synthesis Report" option in "Analysis and Synthesis Settings -> More Settings" to "Off".


+----------------------------------------------------------------------------------------+
; Parameter Settings for User Entity Instance: debounce:u_db_sw|debounce_1bit:g_db[16].u ;
+----------------+-------+---------------------------------------------------------------+
; Parameter Name ; Value ; Type                                                          ;
+----------------+-------+---------------------------------------------------------------+
; STABLE_TICKS   ; 8     ; Signed Integer                                                ;
+----------------+-------+---------------------------------------------------------------+
Note: In order to hide this table in the UI and the text report file, please set the "Show Parameter Settings in Synthesis Report" option in "Analysis and Synthesis Settings -> More Settings" to "Off".


+----------------------------------------------------------------------------------------+
; Parameter Settings for User Entity Instance: debounce:u_db_sw|debounce_1bit:g_db[17].u ;
+----------------+-------+---------------------------------------------------------------+
; Parameter Name ; Value ; Type                                                          ;
+----------------+-------+---------------------------------------------------------------+
; STABLE_TICKS   ; 8     ; Signed Integer                                                ;
+----------------+-------+---------------------------------------------------------------+
Note: In order to hide this table in the UI and the text report file, please set the "Show Parameter Settings in Synthesis Report" option in "Analysis and Synthesis Settings -> More Settings" to "Off".


+---------------------------------------------------------------------------+
; Parameter Settings for User Entity Instance: mole_scheduler_multi:u_sched ;
+----------------+-------+--------------------------------------------------+
; Parameter Name ; Value ; Type                                             ;
+----------------+-------+--------------------------------------------------+
; N_MOLES        ; 18    ; Signed Integer                                   ;
; MOLE_ON_MS     ; 900   ; Signed Integer                                   ;
; GAP_MS         ; 250   ; Signed Integer                                   ;
+----------------+-------+--------------------------------------------------+
Note: In order to hide this table in the UI and the text report file, please set the "Show Parameter Settings in Synthesis Report" option in "Analysis and Synthesis Settings -> More Settings" to "Off".


+-----------------------------------------------------------------+
; Parameter Settings for User Entity Instance: whack_detect:u_hit ;
+----------------+-------+----------------------------------------+
; Parameter Name ; Value ; Type                                   ;
+----------------+-------+----------------------------------------+
; WIDTH          ; 18    ; Signed Integer                         ;
+----------------+-------+----------------------------------------+
Note: In order to hide this table in the UI and the text report file, please set the "Show Parameter Settings in Synthesis Report" option in "Analysis and Synthesis Settings -> More Settings" to "Off".


+------------------------------------------------------------------+
; Parameter Settings for Inferred Entity Instance: lpm_divide:Mod0 ;
+------------------------+----------------+------------------------+
; Parameter Name         ; Value          ; Type                   ;
+------------------------+----------------+------------------------+
; LPM_WIDTHN             ; 6              ; Untyped                ;
; LPM_WIDTHD             ; 4              ; Untyped                ;
; LPM_NREPRESENTATION    ; UNSIGNED       ; Untyped                ;
; LPM_DREPRESENTATION    ; UNSIGNED       ; Untyped                ;
; LPM_PIPELINE           ; 0              ; Untyped                ;
; LPM_REMAINDERPOSITIVE  ; TRUE           ; Untyped                ;
; MAXIMIZE_SPEED         ; 5              ; Untyped                ;
; CBXI_PARAMETER         ; lpm_divide_k9m ; Untyped                ;
; CARRY_CHAIN            ; MANUAL         ; Untyped                ;
; OPTIMIZE_FOR_SPEED     ; 5              ; Untyped                ;
; AUTO_CARRY_CHAINS      ; ON             ; AUTO_CARRY             ;
; IGNORE_CARRY_BUFFERS   ; OFF            ; IGNORE_CARRY           ;
; AUTO_CASCADE_CHAINS    ; ON             ; AUTO_CASCADE           ;
; IGNORE_CASCADE_BUFFERS ; OFF            ; IGNORE_CASCADE         ;
+------------------------+----------------+------------------------+
Note: In order to hide this table in the UI and the text report file, please set the "Show Parameter Settings in Synthesis Report" option in "Analysis and Synthesis Settings -> More Settings" to "Off".


+------------------------------------------------------------------+
; Parameter Settings for Inferred Entity Instance: lpm_divide:Div0 ;
+------------------------+----------------+------------------------+
; Parameter Name         ; Value          ; Type                   ;
+------------------------+----------------+------------------------+
; LPM_WIDTHN             ; 6              ; Untyped                ;
; LPM_WIDTHD             ; 4              ; Untyped                ;
; LPM_NREPRESENTATION    ; UNSIGNED       ; Untyped                ;
; LPM_DREPRESENTATION    ; UNSIGNED       ; Untyped                ;
; LPM_PIPELINE           ; 0              ; Untyped                ;
; LPM_REMAINDERPOSITIVE  ; TRUE           ; Untyped                ;
; MAXIMIZE_SPEED         ; 5              ; Untyped                ;
; CBXI_PARAMETER         ; lpm_divide_hhm ; Untyped                ;
; CARRY_CHAIN            ; MANUAL         ; Untyped                ;
; OPTIMIZE_FOR_SPEED     ; 5              ; Untyped                ;
; AUTO_CARRY_CHAINS      ; ON             ; AUTO_CARRY             ;
; IGNORE_CARRY_BUFFERS   ; OFF            ; IGNORE_CARRY           ;
; AUTO_CASCADE_CHAINS    ; ON             ; AUTO_CASCADE           ;
; IGNORE_CASCADE_BUFFERS ; OFF            ; IGNORE_CASCADE         ;
+------------------------+----------------+------------------------+
Note: In order to hide this table in the UI and the text report file, please set the "Show Parameter Settings in Synthesis Report" option in "Analysis and Synthesis Settings -> More Settings" to "Off".


+-----------------------------------------------------+
; Post-Synthesis Netlist Statistics for Top Partition ;
+-----------------------+-----------------------------+
; Type                  ; Count                       ;
+-----------------------+-----------------------------+
; boundary_port         ; 97                          ;
; cycloneiii_ff         ; 351                         ;
;     CLR               ; 125                         ;
;     CLR SCLR          ; 19                          ;
;     CLR SLD           ; 1                           ;
;     ENA CLR           ; 35                          ;
;     ENA CLR SCLR      ; 165                         ;
;     ENA CLR SLD       ; 6                           ;
; cycloneiii_lcell_comb ; 625                         ;
;     arith             ; 236                         ;
;         2 data inputs ; 219                         ;
;         3 data inputs ; 17                          ;
;     normal            ; 389                         ;
;         0 data inputs ; 8                           ;
;         1 data inputs ; 33                          ;
;         2 data inputs ; 84                          ;
;         3 data inputs ; 82                          ;
;         4 data inputs ; 182                         ;
;                       ;                             ;
; Max LUT depth         ; 9.10                        ;
; Average LUT depth     ; 2.91                        ;
+-----------------------+-----------------------------+


+-------------------------------+
; Elapsed Time Per Partition    ;
+----------------+--------------+
; Partition Name ; Elapsed Time ;
+----------------+--------------+
; Top            ; 00:00:04     ;
+----------------+--------------+


+-------------------------------+
; Analysis & Synthesis Messages ;
+-------------------------------+
Info: *******************************************************************
Info: Running Quartus Prime Analysis & Synthesis
    Info: Version 20.1.1 Build 720 11/11/2020 SJ Lite Edition
    Info: Processing started: Thu Aug 28 03:08:14 2025
Info: Command: quartus_map --read_settings_files=on --write_settings_files=off assignment1 -c assignment1
Warning (18236): Number of processors has not been specified which may cause overloading on shared machines.  Set the global assignment NUM_PARALLEL_PROCESSORS in your QSF to an appropriate value for best performance.
Info (20029): Only one processor detected - disabling parallel compilation
Info (12021): Found 1 design units, including 1 entities, in source file clk_en.v
    Info (12023): Found entity 1: clk_en File: /home/mtrx3700/clk_en.v Line: 2
Info (12021): Found 1 design units, including 1 entities, in source file lfsr8.v
    Info (12023): Found entity 1: lfsr8 File: /home/mtrx3700/lfsr8.v Line: 2
Info (12021): Found 2 design units, including 2 entities, in source file output_files/debounce.v
    Info (12023): Found entity 1: debounce_1bit File: /home/mtrx3700/output_files/debounce.v Line: 3
    Info (12023): Found entity 2: debounce File: /home/mtrx3700/output_files/debounce.v Line: 34
Info (12021): Found 1 design units, including 1 entities, in source file output_files/whack_detect.v
    Info (12023): Found entity 1: whack_detect File: /home/mtrx3700/output_files/whack_detect.v Line: 2
Info (12021): Found 1 design units, including 1 entities, in source file output_files/seg7_hex.v
    Info (12023): Found entity 1: seg7_hex File: /home/mtrx3700/output_files/seg7_hex.v Line: 2
Info (12021): Found 1 design units, including 1 entities, in source file output_files/mole_scheduler_multi.v
    Info (12023): Found entity 1: mole_scheduler_multi File: /home/mtrx3700/output_files/mole_scheduler_multi.v Line: 2
Info (12021): Found 1 design units, including 1 entities, in source file output_files/top_whack_final.v
    Info (12023): Found entity 1: top_whack_final File: /home/mtrx3700/output_files/top_whack_final.v Line: 7
Info (12021): Found 1 design units, including 1 entities, in source file output_files/score_bcd99.v
    Info (12023): Found entity 1: score_bcd99 File: /home/mtrx3700/output_files/score_bcd99.v Line: 3
Info (12127): Elaborating entity "top_whack_final" for the top level hierarchy
Warning (10230): Verilog HDL assignment warning at top_whack_final.v(108): truncated value with size 32 to match size of target (4) File: /home/mtrx3700/output_files/top_whack_final.v Line: 108
Warning (10230): Verilog HDL assignment warning at top_whack_final.v(109): truncated value with size 32 to match size of target (4) File: /home/mtrx3700/output_files/top_whack_final.v Line: 109
Info (12128): Elaborating entity "clk_en" for hierarchy "clk_en:u_ms" File: /home/mtrx3700/output_files/top_whack_final.v Line: 28
Info (12128): Elaborating entity "clk_en" for hierarchy "clk_en:u_1s" File: /home/mtrx3700/output_files/top_whack_final.v Line: 29
Info (12128): Elaborating entity "debounce" for hierarchy "debounce:u_db_key0" File: /home/mtrx3700/output_files/top_whack_final.v Line: 37
Info (12128): Elaborating entity "debounce_1bit" for hierarchy "debounce:u_db_key0|debounce_1bit:g_db[0].u" File: /home/mtrx3700/output_files/debounce.v Line: 51
Info (12128): Elaborating entity "debounce" for hierarchy "debounce:u_db_sw" File: /home/mtrx3700/output_files/top_whack_final.v Line: 68
Info (12128): Elaborating entity "debounce_1bit" for hierarchy "debounce:u_db_sw|debounce_1bit:g_db[0].u" File: /home/mtrx3700/output_files/debounce.v Line: 51
Info (12128): Elaborating entity "lfsr8" for hierarchy "lfsr8:u_rnd" File: /home/mtrx3700/output_files/top_whack_final.v Line: 72
Info (12128): Elaborating entity "mole_scheduler_multi" for hierarchy "mole_scheduler_multi:u_sched" File: /home/mtrx3700/output_files/top_whack_final.v Line: 79
Info (12128): Elaborating entity "whack_detect" for hierarchy "whack_detect:u_hit" File: /home/mtrx3700/output_files/top_whack_final.v Line: 86
Info (12128): Elaborating entity "score_bcd99" for hierarchy "score_bcd99:u_score" File: /home/mtrx3700/output_files/top_whack_final.v Line: 95
Info (12128): Elaborating entity "seg7_hex" for hierarchy "seg7_hex:u_hex1" File: /home/mtrx3700/output_files/top_whack_final.v Line: 104
Info (278001): Inferred 2 megafunctions from design logic
    Info (278004): Inferred divider/modulo megafunction ("lpm_divide") from the following logic: "Mod0" File: /home/mtrx3700/output_files/top_whack_final.v Line: 109
    Info (278004): Inferred divider/modulo megafunction ("lpm_divide") from the following logic: "Div0" File: /home/mtrx3700/output_files/top_whack_final.v Line: 108
Info (12130): Elaborated megafunction instantiation "lpm_divide:Mod0" File: /home/mtrx3700/output_files/top_whack_final.v Line: 109
Info (12133): Instantiated megafunction "lpm_divide:Mod0" with the following parameter: File: /home/mtrx3700/output_files/top_whack_final.v Line: 109
    Info (12134): Parameter "LPM_WIDTHN" = "6"
    Info (12134): Parameter "LPM_WIDTHD" = "4"
    Info (12134): Parameter "LPM_NREPRESENTATION" = "UNSIGNED"
    Info (12134): Parameter "LPM_DREPRESENTATION" = "UNSIGNED"
Info (12021): Found 1 design units, including 1 entities, in source file db/lpm_divide_k9m.tdf
    Info (12023): Found entity 1: lpm_divide_k9m File: /home/mtrx3700/db/lpm_divide_k9m.tdf Line: 25
Info (12021): Found 1 design units, including 1 entities, in source file db/sign_div_unsign_9kh.tdf
    Info (12023): Found entity 1: sign_div_unsign_9kh File: /home/mtrx3700/db/sign_div_unsign_9kh.tdf Line: 25
Info (12021): Found 1 design units, including 1 entities, in source file db/alt_u_div_64f.tdf
    Info (12023): Found entity 1: alt_u_div_64f File: /home/mtrx3700/db/alt_u_div_64f.tdf Line: 27
Info (12021): Found 1 design units, including 1 entities, in source file db/add_sub_7pc.tdf
    Info (12023): Found entity 1: add_sub_7pc File: /home/mtrx3700/db/add_sub_7pc.tdf Line: 23
Info (12021): Found 1 design units, including 1 entities, in source file db/add_sub_8pc.tdf
    Info (12023): Found entity 1: add_sub_8pc File: /home/mtrx3700/db/add_sub_8pc.tdf Line: 23
Info (12130): Elaborated megafunction instantiation "lpm_divide:Div0" File: /home/mtrx3700/output_files/top_whack_final.v Line: 108
Info (12133): Instantiated megafunction "lpm_divide:Div0" with the following parameter: File: /home/mtrx3700/output_files/top_whack_final.v Line: 108
    Info (12134): Parameter "LPM_WIDTHN" = "6"
    Info (12134): Parameter "LPM_WIDTHD" = "4"
    Info (12134): Parameter "LPM_NREPRESENTATION" = "UNSIGNED"
    Info (12134): Parameter "LPM_DREPRESENTATION" = "UNSIGNED"
Info (12021): Found 1 design units, including 1 entities, in source file db/lpm_divide_hhm.tdf
    Info (12023): Found entity 1: lpm_divide_hhm File: /home/mtrx3700/db/lpm_divide_hhm.tdf Line: 25
Info (13000): Registers with preset signals will power-up high File: /home/mtrx3700/lfsr8.v Line: 12
Info (13003): DEV_CLRn pin will set, and not reset, register with preset signal due to NOT Gate Push-Back
Warning (13024): Output pins are stuck at VCC or GND
    Warning (13410): Pin "HEX2[0]" is stuck at VCC File: /home/mtrx3700/output_files/top_whack_final.v Line: 19
    Warning (13410): Pin "HEX2[1]" is stuck at VCC File: /home/mtrx3700/output_files/top_whack_final.v Line: 19
    Warning (13410): Pin "HEX2[2]" is stuck at VCC File: /home/mtrx3700/output_files/top_whack_final.v Line: 19
    Warning (13410): Pin "HEX2[3]" is stuck at VCC File: /home/mtrx3700/output_files/top_whack_final.v Line: 19
    Warning (13410): Pin "HEX2[4]" is stuck at VCC File: /home/mtrx3700/output_files/top_whack_final.v Line: 19
    Warning (13410): Pin "HEX2[5]" is stuck at VCC File: /home/mtrx3700/output_files/top_whack_final.v Line: 19
    Warning (13410): Pin "HEX2[6]" is stuck at VCC File: /home/mtrx3700/output_files/top_whack_final.v Line: 19
    Warning (13410): Pin "HEX3[0]" is stuck at VCC File: /home/mtrx3700/output_files/top_whack_final.v Line: 19
    Warning (13410): Pin "HEX3[1]" is stuck at VCC File: /home/mtrx3700/output_files/top_whack_final.v Line: 19
    Warning (13410): Pin "HEX3[2]" is stuck at VCC File: /home/mtrx3700/output_files/top_whack_final.v Line: 19
    Warning (13410): Pin "HEX3[3]" is stuck at VCC File: /home/mtrx3700/output_files/top_whack_final.v Line: 19
    Warning (13410): Pin "HEX3[4]" is stuck at VCC File: /home/mtrx3700/output_files/top_whack_final.v Line: 19
    Warning (13410): Pin "HEX3[5]" is stuck at VCC File: /home/mtrx3700/output_files/top_whack_final.v Line: 19
    Warning (13410): Pin "HEX3[6]" is stuck at VCC File: /home/mtrx3700/output_files/top_whack_final.v Line: 19
    Warning (13410): Pin "HEX4[0]" is stuck at VCC File: /home/mtrx3700/output_files/top_whack_final.v Line: 19
    Warning (13410): Pin "HEX4[1]" is stuck at VCC File: /home/mtrx3700/output_files/top_whack_final.v Line: 19
    Warning (13410): Pin "HEX4[2]" is stuck at VCC File: /home/mtrx3700/output_files/top_whack_final.v Line: 19
    Warning (13410): Pin "HEX4[3]" is stuck at VCC File: /home/mtrx3700/output_files/top_whack_final.v Line: 19
    Warning (13410): Pin "HEX4[4]" is stuck at VCC File: /home/mtrx3700/output_files/top_whack_final.v Line: 19
    Warning (13410): Pin "HEX4[5]" is stuck at VCC File: /home/mtrx3700/output_files/top_whack_final.v Line: 19
    Warning (13410): Pin "HEX4[6]" is stuck at VCC File: /home/mtrx3700/output_files/top_whack_final.v Line: 19
    Warning (13410): Pin "HEX5[0]" is stuck at VCC File: /home/mtrx3700/output_files/top_whack_final.v Line: 19
    Warning (13410): Pin "HEX5[1]" is stuck at VCC File: /home/mtrx3700/output_files/top_whack_final.v Line: 19
    Warning (13410): Pin "HEX5[2]" is stuck at VCC File: /home/mtrx3700/output_files/top_whack_final.v Line: 19
    Warning (13410): Pin "HEX5[3]" is stuck at VCC File: /home/mtrx3700/output_files/top_whack_final.v Line: 19
    Warning (13410): Pin "HEX5[4]" is stuck at VCC File: /home/mtrx3700/output_files/top_whack_final.v Line: 19
    Warning (13410): Pin "HEX5[5]" is stuck at VCC File: /home/mtrx3700/output_files/top_whack_final.v Line: 19
    Warning (13410): Pin "HEX5[6]" is stuck at VCC File: /home/mtrx3700/output_files/top_whack_final.v Line: 19
Info (286030): Timing-Driven Synthesis is running
Info (16010): Generating hard_block partition "hard_block:auto_generated_inst"
    Info (16011): Adding 0 node(s), including 0 DDIO, 0 PLL, 0 transceiver and 0 LCELL
Warning (21074): Design contains 2 input pin(s) that do not drive logic
    Warning (15610): No output dependent on input pin "KEY[1]" File: /home/mtrx3700/output_files/top_whack_final.v Line: 16
    Warning (15610): No output dependent on input pin "KEY[2]" File: /home/mtrx3700/output_files/top_whack_final.v Line: 16
Info (21057): Implemented 739 device resources after synthesis - the final resource count might be different
    Info (21058): Implemented 23 input pins
    Info (21059): Implemented 74 output pins
    Info (21061): Implemented 642 logic cells
Info: Quartus Prime Analysis & Synthesis was successful. 0 errors, 35 warnings
    Info: Peak virtual memory: 0 megabytes
    Info: Processing ended: Thu Aug 28 03:09:16 2025
    Info: Elapsed time: 00:01:02
    Info: Total CPU time (on all processors): 00:00:58


