Analysis & Synthesis report for slot_machine
Sat Aug 16 03:38:55 2025
Quartus Prime Version 20.1.1 Build 720 11/11/2020 SJ Lite Edition


---------------------
; Table of Contents ;
---------------------
  1. Legal Notice
  2. Analysis & Synthesis Summary
  3. Analysis & Synthesis Settings
  4. Analysis & Synthesis Source Files Read
  5. Analysis & Synthesis Resource Usage Summary
  6. Analysis & Synthesis Resource Utilization by Entity
  7. State Machine - |slot_machine_top|state
  8. Registers Removed During Synthesis
  9. General Register Statistics
 10. Inverted Register Statistics
 11. Multiplexer Restructuring Statistics (Restructuring Performed)
 12. Parameter Settings for User Entity Instance: clock_divider:tick0
 13. Parameter Settings for Inferred Entity Instance: lpm_divide:Mod0
 14. Post-Synthesis Netlist Statistics for Top Partition
 15. Elapsed Time Per Partition
 16. Analysis & Synthesis Messages



----------------
; Legal Notice ;
----------------
Copyright (C) 2020  Intel Corporation. All rights reserved.
Your use of Intel Corporation's design tools, logic functions 
and other software and tools, and any partner logic 
functions, and any output files from any of the foregoing 
(including device programming or simulation files), and any 
associated documentation or information are expressly subject 
to the terms and conditions of the Intel Program License 
Subscription Agreement, the Intel Quartus Prime License Agreement,
the Intel FPGA IP License Agreement, or other applicable license
agreement, including, without limitation, that your use is for
the sole purpose of programming logic devices manufactured by
Intel and sold by Intel or its authorized distributors.  Please
refer to the applicable agreement for further details, at
https://fpgasoftware.intel.com/eula.



+----------------------------------------------------------------------------------+
; Analysis & Synthesis Summary                                                     ;
+------------------------------------+---------------------------------------------+
; Analysis & Synthesis Status        ; Successful - Sat Aug 16 03:38:55 2025       ;
; Quartus Prime Version              ; 20.1.1 Build 720 11/11/2020 SJ Lite Edition ;
; Revision Name                      ; slot_machine                                ;
; Top-level Entity Name              ; slot_machine_top                            ;
; Family                             ; Cyclone IV E                                ;
; Total logic elements               ; 84                                          ;
;     Total combinational functions  ; 81                                          ;
;     Dedicated logic registers      ; 52                                          ;
; Total registers                    ; 52                                          ;
; Total pins                         ; 35                                          ;
; Total virtual pins                 ; 0                                           ;
; Total memory bits                  ; 0                                           ;
; Embedded Multiplier 9-bit elements ; 0                                           ;
; Total PLLs                         ; 0                                           ;
+------------------------------------+---------------------------------------------+


+------------------------------------------------------------------------------------------------------------+
; Analysis & Synthesis Settings                                                                              ;
+------------------------------------------------------------------+--------------------+--------------------+
; Option                                                           ; Setting            ; Default Value      ;
+------------------------------------------------------------------+--------------------+--------------------+
; Device                                                           ; EP4CE115F29C7      ;                    ;
; Top-level entity name                                            ; slot_machine_top   ; slot_machine       ;
; Family name                                                      ; Cyclone IV E       ; Cyclone V          ;
; Use smart compilation                                            ; Off                ; Off                ;
; Enable parallel Assembler and Timing Analyzer during compilation ; On                 ; On                 ;
; Enable compact report table                                      ; Off                ; Off                ;
; Restructure Multiplexers                                         ; Auto               ; Auto               ;
; Create Debugging Nodes for IP Cores                              ; Off                ; Off                ;
; Preserve fewer node names                                        ; On                 ; On                 ;
; Intel FPGA IP Evaluation Mode                                    ; Enable             ; Enable             ;
; Verilog Version                                                  ; Verilog_2001       ; Verilog_2001       ;
; VHDL Version                                                     ; VHDL_1993          ; VHDL_1993          ;
; State Machine Processing                                         ; Auto               ; Auto               ;
; Safe State Machine                                               ; Off                ; Off                ;
; Extract Verilog State Machines                                   ; On                 ; On                 ;
; Extract VHDL State Machines                                      ; On                 ; On                 ;
; Ignore Verilog initial constructs                                ; Off                ; Off                ;
; Iteration limit for constant Verilog loops                       ; 5000               ; 5000               ;
; Iteration limit for non-constant Verilog loops                   ; 250                ; 250                ;
; Add Pass-Through Logic to Inferred RAMs                          ; On                 ; On                 ;
; Infer RAMs from Raw Logic                                        ; On                 ; On                 ;
; Parallel Synthesis                                               ; On                 ; On                 ;
; DSP Block Balancing                                              ; Auto               ; Auto               ;
; NOT Gate Push-Back                                               ; On                 ; On                 ;
; Power-Up Don't Care                                              ; On                 ; On                 ;
; Remove Redundant Logic Cells                                     ; Off                ; Off                ;
; Remove Duplicate Registers                                       ; On                 ; On                 ;
; Ignore CARRY Buffers                                             ; Off                ; Off                ;
; Ignore CASCADE Buffers                                           ; Off                ; Off                ;
; Ignore GLOBAL Buffers                                            ; Off                ; Off                ;
; Ignore ROW GLOBAL Buffers                                        ; Off                ; Off                ;
; Ignore LCELL Buffers                                             ; Off                ; Off                ;
; Ignore SOFT Buffers                                              ; On                 ; On                 ;
; Limit AHDL Integers to 32 Bits                                   ; Off                ; Off                ;
; Optimization Technique                                           ; Balanced           ; Balanced           ;
; Carry Chain Length                                               ; 70                 ; 70                 ;
; Auto Carry Chains                                                ; On                 ; On                 ;
; Auto Open-Drain Pins                                             ; On                 ; On                 ;
; Perform WYSIWYG Primitive Resynthesis                            ; Off                ; Off                ;
; Auto ROM Replacement                                             ; On                 ; On                 ;
; Auto RAM Replacement                                             ; On                 ; On                 ;
; Auto DSP Block Replacement                                       ; On                 ; On                 ;
; Auto Shift Register Replacement                                  ; Auto               ; Auto               ;
; Allow Shift Register Merging across Hierarchies                  ; Auto               ; Auto               ;
; Auto Clock Enable Replacement                                    ; On                 ; On                 ;
; Strict RAM Replacement                                           ; Off                ; Off                ;
; Allow Synchronous Control Signals                                ; On                 ; On                 ;
; Force Use of Synchronous Clear Signals                           ; Off                ; Off                ;
; Auto RAM Block Balancing                                         ; On                 ; On                 ;
; Auto RAM to Logic Cell Conversion                                ; Off                ; Off                ;
; Auto Resource Sharing                                            ; Off                ; Off                ;
; Allow Any RAM Size For Recognition                               ; Off                ; Off                ;
; Allow Any ROM Size For Recognition                               ; Off                ; Off                ;
; Allow Any Shift Register Size For Recognition                    ; Off                ; Off                ;
; Use LogicLock Constraints during Resource Balancing              ; On                 ; On                 ;
; Ignore translate_off and synthesis_off directives                ; Off                ; Off                ;
; Timing-Driven Synthesis                                          ; On                 ; On                 ;
; Report Parameter Settings                                        ; On                 ; On                 ;
; Report Source Assignments                                        ; On                 ; On                 ;
; Report Connectivity Checks                                       ; On                 ; On                 ;
; Ignore Maximum Fan-Out Assignments                               ; Off                ; Off                ;
; Synchronization Register Chain Length                            ; 2                  ; 2                  ;
; Power Optimization During Synthesis                              ; Normal compilation ; Normal compilation ;
; HDL message level                                                ; Level2             ; Level2             ;
; Suppress Register Optimization Related Messages                  ; Off                ; Off                ;
; Number of Removed Registers Reported in Synthesis Report         ; 5000               ; 5000               ;
; Number of Swept Nodes Reported in Synthesis Report               ; 5000               ; 5000               ;
; Number of Inverted Registers Reported in Synthesis Report        ; 100                ; 100                ;
; Clock MUX Protection                                             ; On                 ; On                 ;
; Auto Gated Clock Conversion                                      ; Off                ; Off                ;
; Block Design Naming                                              ; Auto               ; Auto               ;
; SDC constraint protection                                        ; Off                ; Off                ;
; Synthesis Effort                                                 ; Auto               ; Auto               ;
; Shift Register Replacement - Allow Asynchronous Clear Signal     ; On                 ; On                 ;
; Pre-Mapping Resynthesis Optimization                             ; Off                ; Off                ;
; Analysis & Synthesis Message Level                               ; Medium             ; Medium             ;
; Disable Register Merging Across Hierarchies                      ; Auto               ; Auto               ;
; Resource Aware Inference For Block RAM                           ; On                 ; On                 ;
+------------------------------------------------------------------+--------------------+--------------------+


+--------------------------------------------------------------------------------------------------------------------------------------------------------------------------+
; Analysis & Synthesis Source Files Read                                                                                                                                   ;
+----------------------------------+-----------------+------------------------------+----------------------------------------------------------------------------+---------+
; File Name with User-Entered Path ; Used in Netlist ; File Type                    ; File Name with Absolute Path                                               ; Library ;
+----------------------------------+-----------------+------------------------------+----------------------------------------------------------------------------+---------+
; slot_machine_top.v               ; yes             ; User Verilog HDL File        ; /home/mtrx3700/slot_machine_top.v                                          ;         ;
; lpm_divide.tdf                   ; yes             ; Megafunction                 ; /intelFPGA_lite/20.1.1/quartus/libraries/megafunctions/lpm_divide.tdf      ;         ;
; abs_divider.inc                  ; yes             ; Megafunction                 ; /intelFPGA_lite/20.1.1/quartus/libraries/megafunctions/abs_divider.inc     ;         ;
; sign_div_unsign.inc              ; yes             ; Megafunction                 ; /intelFPGA_lite/20.1.1/quartus/libraries/megafunctions/sign_div_unsign.inc ;         ;
; aglobal201.inc                   ; yes             ; Megafunction                 ; /intelFPGA_lite/20.1.1/quartus/libraries/megafunctions/aglobal201.inc      ;         ;
; db/lpm_divide_i9m.tdf            ; yes             ; Auto-Generated Megafunction  ; /home/mtrx3700/db/lpm_divide_i9m.tdf                                       ;         ;
; db/sign_div_unsign_7kh.tdf       ; yes             ; Auto-Generated Megafunction  ; /home/mtrx3700/db/sign_div_unsign_7kh.tdf                                  ;         ;
; db/alt_u_div_24f.tdf             ; yes             ; Auto-Generated Megafunction  ; /home/mtrx3700/db/alt_u_div_24f.tdf                                        ;         ;
; db/add_sub_7pc.tdf               ; yes             ; Auto-Generated Megafunction  ; /home/mtrx3700/db/add_sub_7pc.tdf                                          ;         ;
; db/add_sub_8pc.tdf               ; yes             ; Auto-Generated Megafunction  ; /home/mtrx3700/db/add_sub_8pc.tdf                                          ;         ;
+----------------------------------+-----------------+------------------------------+----------------------------------------------------------------------------+---------+


+--------------------------------------------------------------+
; Analysis & Synthesis Resource Usage Summary                  ;
+---------------------------------------------+----------------+
; Resource                                    ; Usage          ;
+---------------------------------------------+----------------+
; Estimated Total logic elements              ; 84             ;
;                                             ;                ;
; Total combinational functions               ; 81             ;
; Logic element usage by number of LUT inputs ;                ;
;     -- 4 input functions                    ; 20             ;
;     -- 3 input functions                    ; 14             ;
;     -- <=2 input functions                  ; 47             ;
;                                             ;                ;
; Logic elements by mode                      ;                ;
;     -- normal mode                          ; 44             ;
;     -- arithmetic mode                      ; 37             ;
;                                             ;                ;
; Total registers                             ; 52             ;
;     -- Dedicated logic registers            ; 52             ;
;     -- I/O registers                        ; 0              ;
;                                             ;                ;
; I/O pins                                    ; 35             ;
;                                             ;                ;
; Embedded Multiplier 9-bit elements          ; 0              ;
;                                             ;                ;
; Maximum fan-out node                        ; CLOCK_50~input ;
; Maximum fan-out                             ; 52             ;
; Total fan-out                               ; 396            ;
; Average fan-out                             ; 1.95           ;
+---------------------------------------------+----------------+


+----------------------------------------------------------------------------------------------------------------------------------------------------------------------------------------------------------------------------------------------------------------------------------------------------------------------------+
; Analysis & Synthesis Resource Utilization by Entity                                                                                                                                                                                                                                                                        ;
+----------------------------------------+---------------------+---------------------------+-------------+--------------+---------+-----------+------+--------------+-------------------------------------------------------------------------------------------------------------------+---------------------+--------------+
; Compilation Hierarchy Node             ; Combinational ALUTs ; Dedicated Logic Registers ; Memory Bits ; DSP Elements ; DSP 9x9 ; DSP 18x18 ; Pins ; Virtual Pins ; Full Hierarchy Name                                                                                               ; Entity Name         ; Library Name ;
+----------------------------------------+---------------------+---------------------------+-------------+--------------+---------+-----------+------+--------------+-------------------------------------------------------------------------------------------------------------------+---------------------+--------------+
; |slot_machine_top                      ; 81 (7)              ; 52 (9)                    ; 0           ; 0            ; 0       ; 0         ; 35   ; 0            ; |slot_machine_top                                                                                                 ; slot_machine_top    ; work         ;
;    |clock_divider:tick0|               ; 29 (29)             ; 17 (17)                   ; 0           ; 0            ; 0       ; 0         ; 0    ; 0            ; |slot_machine_top|clock_divider:tick0                                                                             ; clock_divider       ; work         ;
;    |debounce_one_shot:db0|             ; 29 (29)             ; 23 (23)                   ; 0           ; 0            ; 0       ; 0         ; 0    ; 0            ; |slot_machine_top|debounce_one_shot:db0                                                                           ; debounce_one_shot   ; work         ;
;    |lfsr4:l0|                          ; 2 (2)               ; 3 (3)                     ; 0           ; 0            ; 0       ; 0         ; 0    ; 0            ; |slot_machine_top|lfsr4:l0                                                                                        ; lfsr4               ; work         ;
;    |lpm_divide:Mod0|                   ; 7 (0)               ; 0 (0)                     ; 0           ; 0            ; 0       ; 0         ; 0    ; 0            ; |slot_machine_top|lpm_divide:Mod0                                                                                 ; lpm_divide          ; work         ;
;       |lpm_divide_i9m:auto_generated|  ; 7 (0)               ; 0 (0)                     ; 0           ; 0            ; 0       ; 0         ; 0    ; 0            ; |slot_machine_top|lpm_divide:Mod0|lpm_divide_i9m:auto_generated                                                   ; lpm_divide_i9m      ; work         ;
;          |sign_div_unsign_7kh:divider| ; 7 (0)               ; 0 (0)                     ; 0           ; 0            ; 0       ; 0         ; 0    ; 0            ; |slot_machine_top|lpm_divide:Mod0|lpm_divide_i9m:auto_generated|sign_div_unsign_7kh:divider                       ; sign_div_unsign_7kh ; work         ;
;             |alt_u_div_24f:divider|    ; 7 (7)               ; 0 (0)                     ; 0           ; 0            ; 0       ; 0         ; 0    ; 0            ; |slot_machine_top|lpm_divide:Mod0|lpm_divide_i9m:auto_generated|sign_div_unsign_7kh:divider|alt_u_div_24f:divider ; alt_u_div_24f       ; work         ;
;    |sevenseg:s0|                       ; 7 (7)               ; 0 (0)                     ; 0           ; 0            ; 0       ; 0         ; 0    ; 0            ; |slot_machine_top|sevenseg:s0                                                                                     ; sevenseg            ; work         ;
+----------------------------------------+---------------------+---------------------------+-------------+--------------+---------+-----------+------+--------------+-------------------------------------------------------------------------------------------------------------------+---------------------+--------------+
Note: For table entries with two numbers listed, the numbers in parentheses indicate the number of resources of the given type used by the specific entity alone. The numbers listed outside of parentheses indicate the total resources of the given type used by the specific entity and all of its sub-entities in the hierarchy.


Encoding Type:  One-Hot
+--------------------------------------------------------------------+
; State Machine - |slot_machine_top|state                            ;
+--------------+--------------+------------+------------+------------+
; Name         ; state.RESULT ; state.STOP ; state.SPIN ; state.IDLE ;
+--------------+--------------+------------+------------+------------+
; state.IDLE   ; 0            ; 0          ; 0          ; 0          ;
; state.SPIN   ; 0            ; 0          ; 1          ; 1          ;
; state.STOP   ; 0            ; 1          ; 0          ; 1          ;
; state.RESULT ; 1            ; 0          ; 0          ; 1          ;
+--------------+--------------+------------+------------+------------+


+--------------------------------------------------------------------+
; Registers Removed During Synthesis                                 ;
+----------------------------------------+---------------------------+
; Register name                          ; Reason for Removal        ;
+----------------------------------------+---------------------------+
; reel1[3]                               ; Merged with reel0[3]      ;
; reel2[3]                               ; Merged with reel0[3]      ;
; reel1[2]                               ; Merged with reel0[2]      ;
; reel2[2]                               ; Merged with reel0[2]      ;
; reel1[1]                               ; Merged with reel0[1]      ;
; reel2[1]                               ; Merged with reel0[1]      ;
; reel1[0]                               ; Merged with reel0[0]      ;
; reel2[0]                               ; Merged with reel0[0]      ;
; lfsr4:l1|q[3]                          ; Merged with lfsr4:l0|q[3] ;
; lfsr4:l2|q[3]                          ; Merged with lfsr4:l0|q[3] ;
; lfsr4:l1|q[2]                          ; Merged with lfsr4:l0|q[2] ;
; lfsr4:l2|q[2]                          ; Merged with lfsr4:l0|q[2] ;
; lfsr4:l1|q[1]                          ; Merged with lfsr4:l0|q[1] ;
; lfsr4:l2|q[1]                          ; Merged with lfsr4:l0|q[1] ;
; lfsr4:l1|q[0]                          ; Merged with lfsr4:l0|q[0] ;
; lfsr4:l2|q[0]                          ; Merged with lfsr4:l0|q[0] ;
; state~5                                ; Lost fanout               ;
; state~6                                ; Lost fanout               ;
; lfsr4:l0|q[1]                          ; Merged with reel0[0]      ;
; Total Number of Removed Registers = 19 ;                           ;
+----------------------------------------+---------------------------+


+------------------------------------------------------+
; General Register Statistics                          ;
+----------------------------------------------+-------+
; Statistic                                    ; Value ;
+----------------------------------------------+-------+
; Total registers                              ; 52    ;
; Number of registers using Synchronous Clear  ; 19    ;
; Number of registers using Synchronous Load   ; 0     ;
; Number of registers using Asynchronous Clear ; 0     ;
; Number of registers using Asynchronous Load  ; 0     ;
; Number of registers using Clock Enable       ; 9     ;
; Number of registers using Preset             ; 0     ;
+----------------------------------------------+-------+


+--------------------------------------------------+
; Inverted Register Statistics                     ;
+----------------------------------------+---------+
; Inverted Register                      ; Fan out ;
+----------------------------------------+---------+
; lfsr4:l0|q[0]                          ; 1       ;
; lfsr4:l0|q[3]                          ; 3       ;
; Total number of inverted registers = 2 ;         ;
+----------------------------------------+---------+


+---------------------------------------------------------------------------------------------------------------------------------------------------------------+
; Multiplexer Restructuring Statistics (Restructuring Performed)                                                                                                ;
+--------------------+-----------+---------------+----------------------+------------------------+------------+-------------------------------------------------+
; Multiplexer Inputs ; Bus Width ; Baseline Area ; Area if Restructured ; Saving if Restructured ; Registered ; Example Multiplexer Output                      ;
+--------------------+-----------+---------------+----------------------+------------------------+------------+-------------------------------------------------+
; 3:1                ; 19 bits   ; 38 LEs        ; 19 LEs               ; 19 LEs                 ; Yes        ; |slot_machine_top|debounce_one_shot:db0|cnt[12] ;
+--------------------+-----------+---------------+----------------------+------------------------+------------+-------------------------------------------------+


+------------------------------------------------------------------+
; Parameter Settings for User Entity Instance: clock_divider:tick0 ;
+----------------+--------+----------------------------------------+
; Parameter Name ; Value  ; Type                                   ;
+----------------+--------+----------------------------------------+
; DIV            ; 125000 ; Signed Integer                         ;
; WIDTH          ; 17     ; Signed Integer                         ;
+----------------+--------+----------------------------------------+
Note: In order to hide this table in the UI and the text report file, please set the "Show Parameter Settings in Synthesis Report" option in "Analysis and Synthesis Settings -> More Settings" to "Off".


+------------------------------------------------------------------+
; Parameter Settings for Inferred Entity Instance: lpm_divide:Mod0 ;
+------------------------+----------------+------------------------+
; Parameter Name         ; Value          ; Type                   ;
+------------------------+----------------+------------------------+
; LPM_WIDTHN             ; 4              ; Untyped                ;
; LPM_WIDTHD             ; 4              ; Untyped                ;
; LPM_NREPRESENTATION    ; UNSIGNED       ; Untyped                ;
; LPM_DREPRESENTATION    ; UNSIGNED       ; Untyped                ;
; LPM_PIPELINE           ; 0              ; Untyped                ;
; LPM_REMAINDERPOSITIVE  ; TRUE           ; Untyped                ;
; MAXIMIZE_SPEED         ; 5              ; Untyped                ;
; CBXI_PARAMETER         ; lpm_divide_i9m ; Untyped                ;
; CARRY_CHAIN            ; MANUAL         ; Untyped                ;
; OPTIMIZE_FOR_SPEED     ; 5              ; Untyped                ;
; AUTO_CARRY_CHAINS      ; ON             ; AUTO_CARRY             ;
; IGNORE_CARRY_BUFFERS   ; OFF            ; IGNORE_CARRY           ;
; AUTO_CASCADE_CHAINS    ; ON             ; AUTO_CASCADE           ;
; IGNORE_CASCADE_BUFFERS ; OFF            ; IGNORE_CASCADE         ;
+------------------------+----------------+------------------------+
Note: In order to hide this table in the UI and the text report file, please set the "Show Parameter Settings in Synthesis Report" option in "Analysis and Synthesis Settings -> More Settings" to "Off".


+-----------------------------------------------------+
; Post-Synthesis Netlist Statistics for Top Partition ;
+-----------------------+-----------------------------+
; Type                  ; Count                       ;
+-----------------------+-----------------------------+
; boundary_port         ; 35                          ;
; cycloneiii_ff         ; 52                          ;
;     ENA               ; 9                           ;
;     SCLR              ; 19                          ;
;     plain             ; 24                          ;
; cycloneiii_lcell_comb ; 83                          ;
;     arith             ; 37                          ;
;         2 data inputs ; 37                          ;
;     normal            ; 46                          ;
;         0 data inputs ; 2                           ;
;         1 data inputs ; 8                           ;
;         2 data inputs ; 2                           ;
;         3 data inputs ; 14                          ;
;         4 data inputs ; 20                          ;
;                       ;                             ;
; Max LUT depth         ; 4.00                        ;
; Average LUT depth     ; 2.54                        ;
+-----------------------+-----------------------------+


+-------------------------------+
; Elapsed Time Per Partition    ;
+----------------+--------------+
; Partition Name ; Elapsed Time ;
+----------------+--------------+
; Top            ; 00:00:02     ;
+----------------+--------------+


+-------------------------------+
; Analysis & Synthesis Messages ;
+-------------------------------+
Info: *******************************************************************
Info: Running Quartus Prime Analysis & Synthesis
    Info: Version 20.1.1 Build 720 11/11/2020 SJ Lite Edition
    Info: Processing started: Sat Aug 16 03:37:59 2025
Info: Command: quartus_map --read_settings_files=on --write_settings_files=off slot_machine -c slot_machine
Warning (18236): Number of processors has not been specified which may cause overloading on shared machines.  Set the global assignment NUM_PARALLEL_PROCESSORS in your QSF to an appropriate value for best performance.
Info (20029): Only one processor detected - disabling parallel compilation
Info (12021): Found 5 design units, including 5 entities, in source file slot_machine_top.v
    Info (12023): Found entity 1: slot_machine_top File: /home/mtrx3700/slot_machine_top.v Line: 2
    Info (12023): Found entity 2: debounce_one_shot File: /home/mtrx3700/slot_machine_top.v Line: 85
    Info (12023): Found entity 3: clock_divider File: /home/mtrx3700/slot_machine_top.v Line: 124
    Info (12023): Found entity 4: lfsr4 File: /home/mtrx3700/slot_machine_top.v Line: 143
    Info (12023): Found entity 5: sevenseg File: /home/mtrx3700/slot_machine_top.v Line: 154
Info (12127): Elaborating entity "slot_machine_top" for the top level hierarchy
Warning (10230): Verilog HDL assignment warning at slot_machine_top.v(55): truncated value with size 32 to match size of target (4) File: /home/mtrx3700/slot_machine_top.v Line: 55
Warning (10230): Verilog HDL assignment warning at slot_machine_top.v(56): truncated value with size 32 to match size of target (4) File: /home/mtrx3700/slot_machine_top.v Line: 56
Warning (10230): Verilog HDL assignment warning at slot_machine_top.v(57): truncated value with size 32 to match size of target (4) File: /home/mtrx3700/slot_machine_top.v Line: 57
Info (12128): Elaborating entity "debounce_one_shot" for hierarchy "debounce_one_shot:db0" File: /home/mtrx3700/slot_machine_top.v Line: 12
Info (12128): Elaborating entity "clock_divider" for hierarchy "clock_divider:tick0" File: /home/mtrx3700/slot_machine_top.v Line: 17
Info (12128): Elaborating entity "lfsr4" for hierarchy "lfsr4:l0" File: /home/mtrx3700/slot_machine_top.v Line: 28
Info (12128): Elaborating entity "sevenseg" for hierarchy "sevenseg:s0" File: /home/mtrx3700/slot_machine_top.v Line: 79
Info (278001): Inferred 1 megafunctions from design logic
    Info (278004): Inferred divider/modulo megafunction ("lpm_divide") from the following logic: "Mod0" File: /home/mtrx3700/slot_machine_top.v Line: 55
Info (12130): Elaborated megafunction instantiation "lpm_divide:Mod0" File: /home/mtrx3700/slot_machine_top.v Line: 55
Info (12133): Instantiated megafunction "lpm_divide:Mod0" with the following parameter: File: /home/mtrx3700/slot_machine_top.v Line: 55
    Info (12134): Parameter "LPM_WIDTHN" = "4"
    Info (12134): Parameter "LPM_WIDTHD" = "4"
    Info (12134): Parameter "LPM_NREPRESENTATION" = "UNSIGNED"
    Info (12134): Parameter "LPM_DREPRESENTATION" = "UNSIGNED"
Info (12021): Found 1 design units, including 1 entities, in source file db/lpm_divide_i9m.tdf
    Info (12023): Found entity 1: lpm_divide_i9m File: /home/mtrx3700/db/lpm_divide_i9m.tdf Line: 25
Info (12021): Found 1 design units, including 1 entities, in source file db/sign_div_unsign_7kh.tdf
    Info (12023): Found entity 1: sign_div_unsign_7kh File: /home/mtrx3700/db/sign_div_unsign_7kh.tdf Line: 25
Info (12021): Found 1 design units, including 1 entities, in source file db/alt_u_div_24f.tdf
    Info (12023): Found entity 1: alt_u_div_24f File: /home/mtrx3700/db/alt_u_div_24f.tdf Line: 27
Info (12021): Found 1 design units, including 1 entities, in source file db/add_sub_7pc.tdf
    Info (12023): Found entity 1: add_sub_7pc File: /home/mtrx3700/db/add_sub_7pc.tdf Line: 23
Info (12021): Found 1 design units, including 1 entities, in source file db/add_sub_8pc.tdf
    Info (12023): Found entity 1: add_sub_8pc File: /home/mtrx3700/db/add_sub_8pc.tdf Line: 23
Warning (13024): Output pins are stuck at VCC or GND
    Warning (13410): Pin "LEDG[1]" is stuck at GND File: /home/mtrx3700/slot_machine_top.v Line: 7
    Warning (13410): Pin "LEDG[2]" is stuck at GND File: /home/mtrx3700/slot_machine_top.v Line: 7
    Warning (13410): Pin "LEDG[3]" is stuck at GND File: /home/mtrx3700/slot_machine_top.v Line: 7
    Warning (13410): Pin "LEDG[4]" is stuck at GND File: /home/mtrx3700/slot_machine_top.v Line: 7
    Warning (13410): Pin "LEDG[5]" is stuck at GND File: /home/mtrx3700/slot_machine_top.v Line: 7
    Warning (13410): Pin "LEDG[6]" is stuck at GND File: /home/mtrx3700/slot_machine_top.v Line: 7
    Warning (13410): Pin "LEDG[7]" is stuck at GND File: /home/mtrx3700/slot_machine_top.v Line: 7
    Warning (13410): Pin "LEDG[8]" is stuck at GND File: /home/mtrx3700/slot_machine_top.v Line: 7
Info (286030): Timing-Driven Synthesis is running
Info (17049): 2 registers lost all their fanouts during netlist optimizations.
Info (16010): Generating hard_block partition "hard_block:auto_generated_inst"
    Info (16011): Adding 0 node(s), including 0 DDIO, 0 PLL, 0 transceiver and 0 LCELL
Warning (21074): Design contains 3 input pin(s) that do not drive logic
    Warning (15610): No output dependent on input pin "KEY[1]" File: /home/mtrx3700/slot_machine_top.v Line: 4
    Warning (15610): No output dependent on input pin "KEY[2]" File: /home/mtrx3700/slot_machine_top.v Line: 4
    Warning (15610): No output dependent on input pin "KEY[3]" File: /home/mtrx3700/slot_machine_top.v Line: 4
Info (21057): Implemented 119 device resources after synthesis - the final resource count might be different
    Info (21058): Implemented 5 input pins
    Info (21059): Implemented 30 output pins
    Info (21061): Implemented 84 logic cells
Info: Quartus Prime Analysis & Synthesis was successful. 0 errors, 17 warnings
    Info: Peak virtual memory: 0 megabytes
    Info: Processing ended: Sat Aug 16 03:38:55 2025
    Info: Elapsed time: 00:00:56
    Info: Total CPU time (on all processors): 00:00:53


